aniix@transso:~/git/p2p-finance-app/payment-service$ mvn clean install
[INFO] Scanning for projects...
[INFO]
[INFO] -------------------< com.p2pfinance:payment-service >-------------------
[INFO] Building Payment Service 0.1.0-SNAPSHOT
[INFO] --------------------------------[ jar ]---------------------------------
[INFO]
[INFO] --- maven-clean-plugin:2.5:clean (default-clean) @ payment-service ---
[INFO] Deleting /home/aniix/git/p2p-finance-app/payment-service/target
[INFO]
[INFO] --- maven-resources-plugin:2.6:resources (default-resources) @ payment-service ---
[INFO] Using 'UTF-8' encoding to copy filtered resources.
[INFO] Copying 2 resources
[INFO]
[INFO] --- maven-compiler-plugin:3.11.0:compile (default-compile) @ payment-service ---
[INFO] Changes detected - recompiling the module! :source
[INFO] Compiling 56 source files with javac [debug target 17] to target/classes
[INFO] /home/aniix/git/p2p-finance-app/payment-service/src/main/java/com/p2pfinance/payment/domain/SplitPayment.java: /home/aniix/git/p2p-finance-app/payment-service/src/main/java/com/p2pfinance/payment/domain/SplitPayment.java uses or overrides a deprecated API.
[INFO] /home/aniix/git/p2p-finance-app/payment-service/src/main/java/com/p2pfinance/payment/domain/SplitPayment.java: Recompile with -Xlint:deprecation for details.
[INFO]
[INFO] --- maven-resources-plugin:2.6:testResources (default-testResources) @ payment-service ---
[INFO] Using 'UTF-8' encoding to copy filtered resources.
[INFO] Copying 1 resource
[INFO]
[INFO] --- maven-compiler-plugin:3.11.0:testCompile (default-testCompile) @ payment-service ---
[INFO] Changes detected - recompiling the module! :dependency
[INFO] Compiling 7 source files with javac [debug target 17] to target/test-classes
[INFO]
[INFO] --- maven-surefire-plugin:3.1.2:test (default-test) @ payment-service ---
[INFO] Using auto detected provider org.apache.maven.surefire.junitplatform.JUnitPlatformProvider
[INFO]
[INFO] -------------------------------------------------------
[INFO]  T E S T S
[INFO] -------------------------------------------------------
[INFO] Running com.p2pfinance.payment.service.SplitPaymentServiceTest
OpenJDK 64-Bit Server VM warning: Sharing is only supported for boot loader classes because bootstrap classpath has been appended
23:31:04.236 [main] INFO com.p2pfinance.payment.service.SplitPaymentService -- Adding participant 7a667fe0-87c3-47ce-ad27-58e7bf8e812a to split payment 4e7f3299-a7b2-4c9e-a268-9fb49d1e9778
23:31:04.326 [main] INFO com.p2pfinance.payment.service.SplitPaymentService -- User e14c08e8-22ce-4cba-94da-c3d29c1793a5 paying their share in split payment 7fcf156e-d219-426b-8440-c8a2a8939694
23:31:04.347 [main] INFO com.p2pfinance.payment.service.SplitPaymentService -- Getting split payment with ID: 4bb526c1-26d1-4163-9e4b-1193ded8ae1e
23:31:04.369 [main] INFO com.p2pfinance.payment.service.SplitPaymentService -- Creating split payment by user: e1252a33-d00a-4307-912d-10f5ee4c3271
[INFO] Tests run: 4, Failures: 0, Errors: 0, Skipped: 0, Time elapsed: 2.569 s -- in com.p2pfinance.payment.service.SplitPaymentServiceTest
[INFO] Running com.p2pfinance.payment.service.PaymentRequestServiceTest
23:31:04.539 [main] INFO com.p2pfinance.payment.service.PaymentRequestService -- Rejecting payment request with ID: 5115357e-e00d-45f9-8360-1f3ed43f0345
23:31:04.608 [main] INFO com.p2pfinance.payment.service.PaymentRequestService -- Creating payment request from user d5b2491a-97f6-4d03-916a-831e8e1d1660 to user f503fc5d-e591-46d3-b9f6-0755d12d2fef
23:31:04.657 [main] INFO com.p2pfinance.payment.service.PaymentRequestService -- Approving payment request with ID: e5e36bf5-27c4-4076-bdb6-9a5c30cdcb04
[INFO] Tests run: 3, Failures: 0, Errors: 0, Skipped: 0, Time elapsed: 0.260 s -- in com.p2pfinance.payment.service.PaymentRequestServiceTest
[INFO]
[INFO] Results:
[INFO]
[INFO] Tests run: 7, Failures: 0, Errors: 0, Skipped: 0
[INFO]
[INFO]
[INFO] --- maven-jar-plugin:2.4:jar (default-jar) @ payment-service ---
[INFO] Building jar: /home/aniix/git/p2p-finance-app/payment-service/target/payment-service-0.1.0-SNAPSHOT.jar
[INFO]
[INFO] --- maven-failsafe-plugin:3.1.2:integration-test (default) @ payment-service ---
[INFO] Using auto detected provider org.apache.maven.surefire.junitplatform.JUnitPlatformProvider
[INFO]
[INFO] -------------------------------------------------------
[INFO]  T E S T S
[INFO] -------------------------------------------------------
[INFO] Running com.p2pfinance.payment.service.PaymentServiceIntegrationTest
23:31:06.208 [main] INFO org.springframework.test.context.support.AnnotationConfigContextLoaderUtils -- Could not detect default configuration classes for test class [com.p2pfinance.payment.service.PaymentServiceIntegrationTest]: PaymentServiceIntegrationTest does not declare any static, non-private, non-final, nested classes annotated with @Configuration.
23:31:06.408 [main] INFO org.springframework.boot.test.context.SpringBootTestContextBootstrapper -- Found @SpringBootConfiguration com.p2pfinance.payment.PaymentServiceApplication for test class com.p2pfinance.payment.service.PaymentServiceIntegrationTest
23:31:06.606 [main] INFO org.testcontainers.images.PullPolicy -- Image pull policy will be performed by: DefaultPullPolicy()
23:31:06.608 [main] INFO org.testcontainers.utility.ImageNameSubstitutor -- Image name substitution will be performed by: DefaultImageNameSubstitutor (composite of 'ConfigurationFileImageNameSubstitutor' and 'PrefixingImageNameSubstitutor')
23:31:06.855 [main] INFO org.testcontainers.dockerclient.DockerClientProviderStrategy -- Loaded org.testcontainers.dockerclient.UnixSocketClientProviderStrategy from ~/.testcontainers.properties, will try it first
23:31:07.250 [main] INFO org.testcontainers.dockerclient.DockerClientProviderStrategy -- Found Docker environment with local Unix socket (unix:///var/run/docker.sock)
23:31:07.251 [main] INFO org.testcontainers.DockerClientFactory -- Docker host IP address is localhost
23:31:07.268 [main] INFO org.testcontainers.DockerClientFactory -- Connected to docker:
  Server Version: 28.0.1
  API Version: 1.48
  Operating System: Ubuntu 22.04.5 LTS
  Total Memory: 1957 MB
23:31:07.321 [main] INFO tc.testcontainers/ryuk:0.5.1 -- Creating container for image: testcontainers/ryuk:0.5.1
23:31:07.326 [main] INFO org.testcontainers.utility.RegistryAuthLocator -- Failure when attempting to lookup auth config. Please ignore if you don't have images in an authenticated registry. Details: (dockerImageName: testcontainers/ryuk:0.5.1, configFile: /home/aniix/.docker/config.json, configEnv: DOCKER_AUTH_CONFIG). Falling back to docker-java default behaviour. Exception message: Status 404: No config supplied. Checked in order: /home/aniix/.docker/config.json (file not found), DOCKER_AUTH_CONFIG (not set)
23:31:07.487 [main] INFO tc.testcontainers/ryuk:0.5.1 -- Container testcontainers/ryuk:0.5.1 is starting: 62b834192185614486dcc43984637f42b317dc8f819512d4f89a28c9f49e68bd
23:31:08.189 [main] INFO tc.testcontainers/ryuk:0.5.1 -- Container testcontainers/ryuk:0.5.1 started in PT0.867809845S
23:31:08.199 [main] INFO org.testcontainers.utility.RyukResourceReaper -- Ryuk started - will monitor and terminate Testcontainers containers on JVM exit
23:31:08.199 [main] INFO org.testcontainers.DockerClientFactory -- Checking the system...
23:31:08.199 [main] INFO org.testcontainers.DockerClientFactory -- ✔︎ Docker server version should be at least 1.6.0
23:31:08.200 [main] INFO tc.confluentinc/cp-kafka:latest -- Creating container for image: confluentinc/cp-kafka:latest
23:31:08.328 [main] INFO tc.confluentinc/cp-kafka:latest -- Container confluentinc/cp-kafka:latest is starting: f2c9a8d92f07dfef888985b5c791451aecde9b799d6aab7eb38dd210242f4fc7
23:31:14.864 [main] INFO tc.confluentinc/cp-kafka:latest -- Container confluentinc/cp-kafka:latest started in PT6.663443408S
23:31:14.865 [main] INFO tc.postgres:13 -- Creating container for image: postgres:13
23:31:15.016 [main] INFO tc.postgres:13 -- Container postgres:13 is starting: 0fd6a18ed69d150151ef8a13e7a0cce475ed4d7e9b22e0176fa87c2172d34f98
23:31:17.174 [main] INFO tc.postgres:13 -- Container postgres:13 started in PT2.30863659S
23:31:17.178 [main] INFO tc.postgres:13 -- Container is started (JDBC URL: jdbc:postgresql://localhost:32771/payment-integration-test?loggerLevel=OFF)

  .   ____          _            __ _ _
 /\\ / ___'_ __ _ _(_)_ __  __ _ \ \ \ \
( ( )\___ | '_ | '_| | '_ \/ _` | \ \ \ \
 \\/  ___)| |_)| | | | | || (_| |  ) ) ) )
  '  |____| .__|_| |_|_| |_\__, | / / / /
 =========|_|==============|___/=/_/_/_/
 :: Spring Boot ::                (v3.2.0)

23:31:18.386 [main] INFO  c.p.p.s.PaymentServiceIntegrationTest - Starting PaymentServiceIntegrationTest using Java 17.0.14 with PID 658678 (started by aniix in /home/aniix/git/p2p-finance-app/payment-service)
23:31:18.389 [main] DEBUG c.p.p.s.PaymentServiceIntegrationTest - Running with Spring Boot v3.2.0, Spring v6.1.1
23:31:18.389 [main] INFO  c.p.p.s.PaymentServiceIntegrationTest - The following 1 profile is active: "test"
23:31:20.529 [main] INFO  o.s.d.r.c.RepositoryConfigurationDelegate - Multiple Spring Data modules found, entering strict repository configuration mode
23:31:20.530 [main] INFO  o.s.d.r.c.RepositoryConfigurationDelegate - Bootstrapping Spring Data JPA repositories in DEFAULT mode.
23:31:20.763 [main] INFO  o.s.d.r.c.RepositoryConfigurationDelegate - Finished Spring Data repository scanning in 218 ms. Found 4 JPA repository interfaces.
23:31:21.486 [main] INFO  o.s.d.r.c.RepositoryConfigurationDelegate - Multiple Spring Data modules found, entering strict repository configuration mode
23:31:21.488 [main] INFO  o.s.d.r.c.RepositoryConfigurationDelegate - Bootstrapping Spring Data Redis repositories in DEFAULT mode.
23:31:21.526 [main] INFO  o.s.d.r.c.RepositoryConfigurationExtensionSupport - Spring Data Redis - Could not safely identify store assignment for repository candidate interface com.p2pfinance.payment.repository.SplitPaymentParticipantRepository; If you want this repository to be a Redis repository, consider annotating your entities with one of these annotations: org.springframework.data.redis.core.RedisHash (preferred), or consider extending one of the following types with your repository: org.springframework.data.keyvalue.repository.KeyValueRepository
23:31:21.527 [main] INFO  o.s.d.r.c.RepositoryConfigurationExtensionSupport - Spring Data Redis - Could not safely identify store assignment for repository candidate interface com.p2pfinance.payment.repository.ScheduledPaymentRepository; If you want this repository to be a Redis repository, consider annotating your entities with one of these annotations: org.springframework.data.redis.core.RedisHash (preferred), or consider extending one of the following types with your repository: org.springframework.data.keyvalue.repository.KeyValueRepository
23:31:21.528 [main] INFO  o.s.d.r.c.RepositoryConfigurationExtensionSupport - Spring Data Redis - Could not safely identify store assignment for repository candidate interface com.p2pfinance.payment.repository.PaymentRequestRepository; If you want this repository to be a Redis repository, consider annotating your entities with one of these annotations: org.springframework.data.redis.core.RedisHash (preferred), or consider extending one of the following types with your repository: org.springframework.data.keyvalue.repository.KeyValueRepository
23:31:21.528 [main] INFO  o.s.d.r.c.RepositoryConfigurationExtensionSupport - Spring Data Redis - Could not safely identify store assignment for repository candidate interface com.p2pfinance.payment.repository.SplitPaymentRepository; If you want this repository to be a Redis repository, consider annotating your entities with one of these annotations: org.springframework.data.redis.core.RedisHash (preferred), or consider extending one of the following types with your repository: org.springframework.data.keyvalue.repository.KeyValueRepository
23:31:21.528 [main] INFO  o.s.d.r.c.RepositoryConfigurationDelegate - Finished Spring Data repository scanning in 27 ms. Found 0 Redis repository interfaces.
23:31:22.316 [main] INFO  o.s.cloud.context.scope.GenericScope - BeanFactory id=1ecf387b-afb3-3970-b278-6dc4aa31f83e
OpenJDK 64-Bit Server VM warning: Sharing is only supported for boot loader classes because bootstrap classpath has been appended
23:31:25.972 [main] INFO  o.h.jpa.internal.util.LogHelper - HHH000204: Processing PersistenceUnitInfo [name: default]
23:31:26.131 [main] INFO  org.hibernate.Version - HHH000412: Hibernate ORM core version 6.3.1.Final
23:31:26.261 [main] INFO  o.h.c.i.RegionFactoryInitiator - HHH000026: Second-level cache disabled
23:31:26.505 [main] INFO  o.s.o.j.p.SpringPersistenceUnitInfo - No LoadTimeWeaver setup: ignoring JPA class transformer
23:31:26.646 [main] INFO  com.zaxxer.hikari.HikariDataSource - HikariPool-1 - Starting...
23:31:26.801 [main] INFO  com.zaxxer.hikari.pool.HikariPool - HikariPool-1 - Added connection org.postgresql.jdbc.PgConnection@5beda06e
23:31:26.803 [main] INFO  com.zaxxer.hikari.HikariDataSource - HikariPool-1 - Start completed.
23:31:26.852 [main] WARN  org.hibernate.orm.deprecation - HHH90000025: PostgreSQLDialect does not need to be specified explicitly using 'hibernate.dialect' (remove the property setting and it will be selected by default)
23:31:28.544 [main] INFO  o.h.e.t.j.p.i.JtaPlatformInitiator - HHH000489: No JTA platform available (set 'hibernate.transaction.jta.platform' to enable JTA platform integration)
23:31:28.572 [main] DEBUG org.hibernate.SQL -
    alter table if exists scheduled_payment_executions
       drop constraint if exists FKh6sq8cqdjigmpt8j2v4xjpj4d
23:31:28.577 [main] WARN  o.h.e.jdbc.spi.SqlExceptionHelper - SQL Warning Code: 0, SQLState: 00000
23:31:28.577 [main] WARN  o.h.e.jdbc.spi.SqlExceptionHelper - relation "scheduled_payment_executions" does not exist, skipping
23:31:28.578 [main] DEBUG org.hibernate.SQL -
    alter table if exists split_payment_participants
       drop constraint if exists FKm8ihek9h90wqt6t2w45tpumyv
23:31:28.579 [main] WARN  o.h.e.jdbc.spi.SqlExceptionHelper - SQL Warning Code: 0, SQLState: 00000
23:31:28.579 [main] WARN  o.h.e.jdbc.spi.SqlExceptionHelper - relation "split_payment_participants" does not exist, skipping
23:31:28.580 [main] DEBUG org.hibernate.SQL -
    drop table if exists payment_requests cascade
23:31:28.581 [main] WARN  o.h.e.jdbc.spi.SqlExceptionHelper - SQL Warning Code: 0, SQLState: 00000
23:31:28.581 [main] WARN  o.h.e.jdbc.spi.SqlExceptionHelper - table "payment_requests" does not exist, skipping
23:31:28.581 [main] DEBUG org.hibernate.SQL -
    drop table if exists scheduled_payment_executions cascade
23:31:28.583 [main] WARN  o.h.e.jdbc.spi.SqlExceptionHelper - SQL Warning Code: 0, SQLState: 00000
23:31:28.583 [main] WARN  o.h.e.jdbc.spi.SqlExceptionHelper - table "scheduled_payment_executions" does not exist, skipping
23:31:28.583 [main] DEBUG org.hibernate.SQL -
    drop table if exists scheduled_payments cascade
23:31:28.585 [main] WARN  o.h.e.jdbc.spi.SqlExceptionHelper - SQL Warning Code: 0, SQLState: 00000
23:31:28.585 [main] WARN  o.h.e.jdbc.spi.SqlExceptionHelper - table "scheduled_payments" does not exist, skipping
23:31:28.585 [main] DEBUG org.hibernate.SQL -
    drop table if exists split_payment_participants cascade
23:31:28.586 [main] WARN  o.h.e.jdbc.spi.SqlExceptionHelper - SQL Warning Code: 0, SQLState: 00000
23:31:28.586 [main] WARN  o.h.e.jdbc.spi.SqlExceptionHelper - table "split_payment_participants" does not exist, skipping
23:31:28.587 [main] DEBUG org.hibernate.SQL -
    drop table if exists split_payments cascade
23:31:28.588 [main] WARN  o.h.e.jdbc.spi.SqlExceptionHelper - SQL Warning Code: 0, SQLState: 00000
23:31:28.588 [main] WARN  o.h.e.jdbc.spi.SqlExceptionHelper - table "split_payments" does not exist, skipping
23:31:28.596 [main] DEBUG org.hibernate.SQL -
    create table payment_requests (
        amount numeric(19,4) not null,
        currency varchar(3) not null,
        created_at timestamp(6) not null,
        expiry_date timestamp(6) not null,
        updated_at timestamp(6) not null,
        version bigint,
        id uuid not null,
        recipient_id uuid not null,
        requestor_id uuid not null,
        transaction_id uuid,
        created_by varchar(255),
        description varchar(255),
        reference_number varchar(255),
        status varchar(255) not null check (status in ('PENDING','APPROVED','REJECTED','CANCELED','EXPIRED')),
        updated_by varchar(255),
        primary key (id)
    )
23:31:28.604 [main] DEBUG org.hibernate.SQL -
    create table scheduled_payment_executions (
        amount numeric(19,4) not null,
        currency varchar(3) not null,
        execution_date timestamp(6) not null,
        id uuid not null,
        scheduled_payment_id uuid not null,
        transaction_id uuid,
        error_message varchar(500),
        created_by varchar(255),
        status varchar(255) not null check (status in ('COMPLETED','FAILED')),
        primary key (id)
    )
23:31:28.610 [main] DEBUG org.hibernate.SQL -
    create table scheduled_payments (
        amount numeric(19,4) not null,
        completed_executions integer,
        currency varchar(3) not null,
        end_date date,
        last_execution_date date,
        max_executions integer,
        next_execution_date date,
        start_date date not null,
        total_executions integer,
        created_at timestamp(6) not null,
        updated_at timestamp(6) not null,
        version bigint,
        id uuid not null,
        recipient_id uuid not null,
        sender_id uuid not null,
        source_wallet_id uuid not null,
        created_by varchar(255),
        description varchar(255),
        frequency varchar(255) not null check (frequency in ('ONE_TIME','DAILY','WEEKLY','BIWEEKLY','MONTHLY','QUARTERLY','YEARLY')),
        status varchar(255) not null check (status in ('ACTIVE','PAUSED','CANCELED','COMPLETED')),
        updated_by varchar(255),
        primary key (id)
    )
23:31:28.616 [main] DEBUG org.hibernate.SQL -
    create table split_payment_participants (
        amount numeric(19,4) not null,
        paid boolean not null,
        created_at timestamp(6) not null,
        payment_date timestamp(6),
        updated_at timestamp(6) not null,
        id uuid not null,
        split_payment_id uuid not null,
        transaction_id uuid,
        user_id uuid not null,
        primary key (id)
    )
23:31:28.622 [main] DEBUG org.hibernate.SQL -
    create table split_payments (
        currency varchar(3) not null,
        total_amount numeric(19,4) not null,
        created_at timestamp(6) not null,
        expiry_date timestamp(6) not null,
        updated_at timestamp(6) not null,
        version bigint,
        id uuid not null,
        organizer_id uuid not null,
        title varchar(100) not null,
        description varchar(500),
        created_by varchar(255),
        status varchar(255) not null check (status in ('ACTIVE','COMPLETED','CANCELED','EXPIRED')),
        updated_by varchar(255),
        primary key (id)
    )
23:31:28.628 [main] DEBUG org.hibernate.SQL -
    alter table if exists scheduled_payment_executions
       add constraint FKh6sq8cqdjigmpt8j2v4xjpj4d
       foreign key (scheduled_payment_id)
       references scheduled_payments
23:31:28.632 [main] DEBUG org.hibernate.SQL -
    alter table if exists split_payment_participants
       add constraint FKm8ihek9h90wqt6t2w45tpumyv
       foreign key (split_payment_id)
       references split_payments
23:31:28.651 [main] INFO  o.s.o.j.LocalContainerEntityManagerFactoryBean - Initialized JPA EntityManagerFactory for persistence unit 'default'
23:31:30.027 [main] INFO  o.s.d.j.r.query.QueryEnhancerFactory - Hibernate is in classpath; If applicable, HQL parser will be used.
23:31:35.421 [main] WARN  o.s.b.a.o.j.JpaBaseConfiguration$JpaWebConfiguration - spring.jpa.open-in-view is enabled by default. Therefore, database queries may be performed during view rendering. Explicitly configure spring.jpa.open-in-view to disable this warning
23:31:40.247 [main] INFO  org.quartz.impl.StdSchedulerFactory - Using default implementation for ThreadExecutor
23:31:40.267 [main] INFO  o.quartz.core.SchedulerSignalerImpl - Initialized Scheduler Signaller of type: class org.quartz.core.SchedulerSignalerImpl
23:31:40.267 [main] INFO  org.quartz.core.QuartzScheduler - Quartz Scheduler v.2.3.2 created.
23:31:40.268 [main] INFO  org.quartz.simpl.RAMJobStore - RAMJobStore initialized.
23:31:40.269 [main] INFO  org.quartz.core.QuartzScheduler - Scheduler meta-data: Quartz Scheduler (v2.3.2) 'quartzScheduler' with instanceId 'NON_CLUSTERED'
  Scheduler class: 'org.quartz.core.QuartzScheduler' - running locally.
  NOT STARTED.
  Currently in standby mode.
  Number of jobs executed: 0
  Using thread pool 'org.quartz.simpl.SimpleThreadPool' - with 10 threads.
  Using job-store 'org.quartz.simpl.RAMJobStore' - which does not support persistence. and is not clustered.

23:31:40.270 [main] INFO  org.quartz.impl.StdSchedulerFactory - Quartz scheduler 'quartzScheduler' initialized from an externally provided properties instance.
23:31:40.272 [main] INFO  org.quartz.impl.StdSchedulerFactory - Quartz scheduler version: 2.3.2
23:31:40.272 [main] INFO  org.quartz.core.QuartzScheduler - JobFactory set to: org.springframework.scheduling.quartz.SpringBeanJobFactory@41fa9c41
23:31:40.784 [main] INFO  o.s.b.a.e.web.EndpointLinksResolver - Exposing 3 endpoint(s) beneath base path '/actuator'
23:31:40.876 [main] INFO  o.s.s.web.DefaultSecurityFilterChain - Will secure any request with [org.springframework.security.web.session.DisableEncodeUrlFilter@29a00cde, org.springframework.security.web.context.request.async.WebAsyncManagerIntegrationFilter@798d2375, org.springframework.security.web.context.SecurityContextHolderFilter@3426c90d, org.springframework.security.web.header.HeaderWriterFilter@5c2a52dc, org.springframework.web.filter.CorsFilter@75d1477a, org.springframework.security.web.csrf.CsrfFilter@1f2f7838, org.springframework.security.web.authentication.logout.LogoutFilter@5c5bc645, org.springframework.security.web.authentication.UsernamePasswordAuthenticationFilter@1154f447, org.springframework.security.web.authentication.ui.DefaultLoginPageGeneratingFilter@23c55d52, org.springframework.security.web.authentication.ui.DefaultLogoutPageGeneratingFilter@355ea654, org.springframework.security.web.authentication.www.BasicAuthenticationFilter@5bf3e120, org.springframework.security.web.savedrequest.RequestCacheAwareFilter@2e5ac612, org.springframework.security.web.servletapi.SecurityContextHolderAwareRequestFilter@6760ef5, org.springframework.security.web.authentication.AnonymousAuthenticationFilter@1cb19add, org.springframework.security.web.access.ExceptionTranslationFilter@24dfbc9b, org.springframework.security.web.access.intercept.AuthorizationFilter@382234cc]
23:31:44.690 [main] INFO  o.s.s.quartz.SchedulerFactoryBean - Starting Quartz Scheduler now
23:31:44.691 [main] INFO  org.quartz.core.QuartzScheduler - Scheduler quartzScheduler_$_NON_CLUSTERED started.
23:31:44.773 [main] INFO  c.p.p.s.PaymentServiceIntegrationTest - Started PaymentServiceIntegrationTest in 27.258 seconds (process running for 39.533)
23:31:45.147 [main] INFO  c.p.p.service.PaymentRequestService - Creating payment request from user 3f4260a0-69c0-4e73-852c-4dd2839478ce to user eb6f42c0-aac0-4b7b-a218-1511e04834d7
23:31:45.637 [main] INFO  c.p.p.service.PaymentRequestService - Rejecting payment request with ID: 92d78924-dcf2-447f-a383-c829065b90ee
23:31:45.857 [main] INFO  c.p.p.service.PaymentRequestService - Creating payment request from user aeec2bbf-210b-409c-aa80-61623ae8abbd to user 283e2936-5ed9-403b-9f45-e140d142b7cd
23:31:45.904 [main] INFO  c.p.p.service.PaymentRequestService - Approving payment request with ID: d4d1be38-dc3b-4165-a9d0-542e301d3c09
23:31:48.336 [kafka-producer-network-thread | producer-1] WARN  o.apache.kafka.clients.NetworkClient - [Producer clientId=producer-1] Connection to node 1 (localhost/127.0.0.1:32770) could not be established. Broker may not be available.
[INFO] Tests run: 2, Failures: 0, Errors: 0, Skipped: 0, Time elapsed: 42.46 s -- in com.p2pfinance.payment.service.PaymentServiceIntegrationTest
23:31:48.538 [kafka-producer-network-thread | producer-1] WARN  o.apache.kafka.clients.NetworkClient - [Producer clientId=producer-1] Connection to node 1 (localhost/127.0.0.1:32770) could not be established. Broker may not be available.
[INFO] Running com.p2pfinance.payment.PaymentServiceE2ETest
23:31:48.552 [main] INFO  o.s.t.c.s.AnnotationConfigContextLoaderUtils - Could not detect default configuration classes for test class [com.p2pfinance.payment.PaymentServiceE2ETest]: PaymentServiceE2ETest does not declare any static, non-private, non-final, nested classes annotated with @Configuration.
23:31:48.624 [main] INFO  o.s.b.t.c.SpringBootTestContextBootstrapper - Found @SpringBootConfiguration com.p2pfinance.payment.PaymentServiceApplication for test class com.p2pfinance.payment.PaymentServiceE2ETest
23:31:48.645 [main] INFO  tc.confluentinc/cp-kafka:latest - Creating container for image: confluentinc/cp-kafka:latest
23:31:48.794 [main] INFO  tc.confluentinc/cp-kafka:latest - Container confluentinc/cp-kafka:latest is starting: 6d41be857dd425cd781f9b97a5672b4fb34aca8f758e837e6eea6818a0018a03
23:31:49.055 [kafka-producer-network-thread | producer-1] WARN  o.apache.kafka.clients.NetworkClient - [Producer clientId=producer-1] Connection to node 1 (localhost/127.0.0.1:32770) could not be established. Broker may not be available.
23:31:49.920 [kafka-producer-network-thread | producer-1] WARN  o.apache.kafka.clients.NetworkClient - [Producer clientId=producer-1] Connection to node 1 (localhost/127.0.0.1:32770) could not be established. Broker may not be available.
23:31:50.834 [kafka-producer-network-thread | producer-1] WARN  o.apache.kafka.clients.NetworkClient - [Producer clientId=producer-1] Connection to node 1 (localhost/127.0.0.1:32770) could not be established. Broker may not be available.
23:31:52.071 [kafka-producer-network-thread | producer-1] WARN  o.apache.kafka.clients.NetworkClient - [Producer clientId=producer-1] Connection to node 1 (localhost/127.0.0.1:32770) could not be established. Broker may not be available.
23:31:53.233 [kafka-producer-network-thread | producer-1] WARN  o.apache.kafka.clients.NetworkClient - [Producer clientId=producer-1] Connection to node 1 (localhost/127.0.0.1:32770) could not be established. Broker may not be available.
23:31:54.099 [kafka-producer-network-thread | producer-1] WARN  o.apache.kafka.clients.NetworkClient - [Producer clientId=producer-1] Connection to node 1 (localhost/127.0.0.1:32770) could not be established. Broker may not be available.
23:31:55.017 [kafka-producer-network-thread | producer-1] WARN  o.apache.kafka.clients.NetworkClient - [Producer clientId=producer-1] Connection to node 1 (localhost/127.0.0.1:32770) could not be established. Broker may not be available.
23:31:56.181 [kafka-producer-network-thread | producer-1] WARN  o.apache.kafka.clients.NetworkClient - [Producer clientId=producer-1] Connection to node 1 (localhost/127.0.0.1:32770) could not be established. Broker may not be available.
23:31:57.422 [kafka-producer-network-thread | producer-1] WARN  o.apache.kafka.clients.NetworkClient - [Producer clientId=producer-1] Connection to node 1 (localhost/127.0.0.1:32770) could not be established. Broker may not be available.
23:31:58.338 [kafka-producer-network-thread | producer-1] WARN  o.apache.kafka.clients.NetworkClient - [Producer clientId=producer-1] Connection to node 1 (localhost/127.0.0.1:32770) could not be established. Broker may not be available.
23:31:59.308 [kafka-producer-network-thread | producer-1] WARN  o.apache.kafka.clients.NetworkClient - [Producer clientId=producer-1] Connection to node 1 (localhost/127.0.0.1:32770) could not be established. Broker may not be available.
23:32:00.221 [main] INFO  tc.confluentinc/cp-kafka:latest - Container confluentinc/cp-kafka:latest started in PT11.575448556S
23:32:00.230 [main] INFO  tc.postgres:13 - Creating container for image: postgres:13
23:32:00.502 [main] INFO  tc.postgres:13 - Container postgres:13 is starting: b80ab94f16f729bf015e295ebee350d87f8fba75739fca27d5fa4aee732bb938
23:32:00.535 [kafka-producer-network-thread | producer-1] WARN  o.apache.kafka.clients.NetworkClient - [Producer clientId=producer-1] Connection to node 1 (localhost/127.0.0.1:32770) could not be established. Broker may not be available.
23:32:01.410 [kafka-producer-network-thread | producer-1] WARN  o.apache.kafka.clients.NetworkClient - [Producer clientId=producer-1] Connection to node 1 (localhost/127.0.0.1:32770) could not be established. Broker may not be available.
23:32:02.270 [kafka-producer-network-thread | producer-1] WARN  o.apache.kafka.clients.NetworkClient - [Producer clientId=producer-1] Connection to node 1 (localhost/127.0.0.1:32770) could not be established. Broker may not be available.
23:32:03.145 [kafka-producer-network-thread | producer-1] WARN  o.apache.kafka.clients.NetworkClient - [Producer clientId=producer-1] Connection to node 1 (localhost/127.0.0.1:32770) could not be established. Broker may not be available.
23:32:03.313 [main] INFO  tc.postgres:13 - Container postgres:13 started in PT3.082903277S
23:32:03.316 [main] INFO  tc.postgres:13 - Container is started (JDBC URL: jdbc:postgresql://localhost:32774/payment-test-db?loggerLevel=OFF)
23:32:04.052 [kafka-producer-network-thread | producer-1] WARN  o.apache.kafka.clients.NetworkClient - [Producer clientId=producer-1] Connection to node 1 (localhost/127.0.0.1:32770) could not be established. Broker may not be available.

  .   ____          _            __ _ _
 /\\ / ___'_ __ _ _(_)_ __  __ _ \ \ \ \
( ( )\___ | '_ | '_| | '_ \/ _` | \ \ \ \
 \\/  ___)| |_)| | | | | || (_| |  ) ) ) )
  '  |____| .__|_| |_|_| |_\__, | / / / /
 =========|_|==============|___/=/_/_/_/
 :: Spring Boot ::                (v3.2.0)

23:32:05.164 [kafka-producer-network-thread | producer-1] WARN  o.apache.kafka.clients.NetworkClient - [Producer clientId=producer-1] Connection to node 1 (localhost/127.0.0.1:32770) could not be established. Broker may not be available.
23:32:05.391 [main] INFO  c.p.payment.PaymentServiceE2ETest - Starting PaymentServiceE2ETest using Java 17.0.14 with PID 658678 (started by aniix in /home/aniix/git/p2p-finance-app/payment-service)
23:32:05.399 [main] DEBUG c.p.payment.PaymentServiceE2ETest - Running with Spring Boot v3.2.0, Spring v6.1.1
23:32:05.401 [main] INFO  c.p.payment.PaymentServiceE2ETest - The following 1 profile is active: "test"
23:32:06.092 [kafka-producer-network-thread | producer-1] WARN  o.apache.kafka.clients.NetworkClient - [Producer clientId=producer-1] Connection to node 1 (localhost/127.0.0.1:32770) could not be established. Broker may not be available.
23:32:09.118 [kafka-producer-network-thread | producer-1] WARN  o.apache.kafka.clients.NetworkClient - [Producer clientId=producer-1] Connection to node 1 (localhost/127.0.0.1:32770) could not be established. Broker may not be available.
23:32:09.983 [kafka-producer-network-thread | producer-1] WARN  o.apache.kafka.clients.NetworkClient - [Producer clientId=producer-1] Connection to node 1 (localhost/127.0.0.1:32770) could not be established. Broker may not be available.
23:32:10.853 [kafka-producer-network-thread | producer-1] WARN  o.apache.kafka.clients.NetworkClient - [Producer clientId=producer-1] Connection to node 1 (localhost/127.0.0.1:32770) could not be established. Broker may not be available.
23:32:11.223 [main] INFO  o.s.d.r.c.RepositoryConfigurationDelegate - Multiple Spring Data modules found, entering strict repository configuration mode
23:32:11.225 [main] INFO  o.s.d.r.c.RepositoryConfigurationDelegate - Bootstrapping Spring Data JPA repositories in DEFAULT mode.
23:32:11.295 [main] INFO  o.s.d.r.c.RepositoryConfigurationDelegate - Finished Spring Data repository scanning in 64 ms. Found 4 JPA repository interfaces.
23:32:11.766 [kafka-producer-network-thread | producer-1] WARN  o.apache.kafka.clients.NetworkClient - [Producer clientId=producer-1] Connection to node 1 (localhost/127.0.0.1:32770) could not be established. Broker may not be available.
23:32:12.126 [main] INFO  o.s.d.r.c.RepositoryConfigurationDelegate - Multiple Spring Data modules found, entering strict repository configuration mode
23:32:12.127 [main] INFO  o.s.d.r.c.RepositoryConfigurationDelegate - Bootstrapping Spring Data Redis repositories in DEFAULT mode.
23:32:12.146 [main] INFO  o.s.d.r.c.RepositoryConfigurationExtensionSupport - Spring Data Redis - Could not safely identify store assignment for repository candidate interface com.p2pfinance.payment.repository.SplitPaymentParticipantRepository; If you want this repository to be a Redis repository, consider annotating your entities with one of these annotations: org.springframework.data.redis.core.RedisHash (preferred), or consider extending one of the following types with your repository: org.springframework.data.keyvalue.repository.KeyValueRepository
23:32:12.147 [main] INFO  o.s.d.r.c.RepositoryConfigurationExtensionSupport - Spring Data Redis - Could not safely identify store assignment for repository candidate interface com.p2pfinance.payment.repository.ScheduledPaymentRepository; If you want this repository to be a Redis repository, consider annotating your entities with one of these annotations: org.springframework.data.redis.core.RedisHash (preferred), or consider extending one of the following types with your repository: org.springframework.data.keyvalue.repository.KeyValueRepository
23:32:12.151 [main] INFO  o.s.d.r.c.RepositoryConfigurationExtensionSupport - Spring Data Redis - Could not safely identify store assignment for repository candidate interface com.p2pfinance.payment.repository.PaymentRequestRepository; If you want this repository to be a Redis repository, consider annotating your entities with one of these annotations: org.springframework.data.redis.core.RedisHash (preferred), or consider extending one of the following types with your repository: org.springframework.data.keyvalue.repository.KeyValueRepository
23:32:12.151 [main] INFO  o.s.d.r.c.RepositoryConfigurationExtensionSupport - Spring Data Redis - Could not safely identify store assignment for repository candidate interface com.p2pfinance.payment.repository.SplitPaymentRepository; If you want this repository to be a Redis repository, consider annotating your entities with one of these annotations: org.springframework.data.redis.core.RedisHash (preferred), or consider extending one of the following types with your repository: org.springframework.data.keyvalue.repository.KeyValueRepository
23:32:12.151 [main] INFO  o.s.d.r.c.RepositoryConfigurationDelegate - Finished Spring Data repository scanning in 21 ms. Found 0 Redis repository interfaces.
23:32:12.843 [main] INFO  o.s.cloud.context.scope.GenericScope - BeanFactory id=57791aea-53d9-3dbe-825d-c2557cbaa0f7
23:32:12.962 [kafka-producer-network-thread | producer-1] WARN  o.apache.kafka.clients.NetworkClient - [Producer clientId=producer-1] Connection to node 1 (localhost/127.0.0.1:32770) could not be established. Broker may not be available.
23:32:13.866 [main] INFO  o.h.jpa.internal.util.LogHelper - HHH000204: Processing PersistenceUnitInfo [name: default]
23:32:13.916 [main] INFO  o.h.c.i.RegionFactoryInitiator - HHH000026: Second-level cache disabled
23:32:13.986 [main] INFO  o.s.o.j.p.SpringPersistenceUnitInfo - No LoadTimeWeaver setup: ignoring JPA class transformer
23:32:14.001 [main] INFO  com.zaxxer.hikari.HikariDataSource - HikariPool-2 - Starting...
23:32:14.110 [kafka-producer-network-thread | producer-1] WARN  o.apache.kafka.clients.NetworkClient - [Producer clientId=producer-1] Connection to node 1 (localhost/127.0.0.1:32770) could not be established. Broker may not be available.
23:32:14.174 [main] INFO  com.zaxxer.hikari.pool.HikariPool - HikariPool-2 - Added connection org.postgresql.jdbc.PgConnection@3e5e2f13
23:32:14.177 [main] INFO  com.zaxxer.hikari.HikariDataSource - HikariPool-2 - Start completed.
23:32:14.210 [main] WARN  org.hibernate.orm.deprecation - HHH90000025: PostgreSQLDialect does not need to be specified explicitly using 'hibernate.dialect' (remove the property setting and it will be selected by default)
23:32:15.141 [kafka-producer-network-thread | producer-1] WARN  o.apache.kafka.clients.NetworkClient - [Producer clientId=producer-1] Connection to node 1 (localhost/127.0.0.1:32770) could not be established. Broker may not be available.
23:32:15.207 [main] INFO  o.h.e.t.j.p.i.JtaPlatformInitiator - HHH000489: No JTA platform available (set 'hibernate.transaction.jta.platform' to enable JTA platform integration)
23:32:15.218 [main] DEBUG org.hibernate.SQL -
    alter table if exists scheduled_payment_executions
       drop constraint if exists FKh6sq8cqdjigmpt8j2v4xjpj4d
23:32:15.223 [main] WARN  o.h.e.jdbc.spi.SqlExceptionHelper - SQL Warning Code: 0, SQLState: 00000
23:32:15.223 [main] WARN  o.h.e.jdbc.spi.SqlExceptionHelper - relation "scheduled_payment_executions" does not exist, skipping
23:32:15.223 [main] DEBUG org.hibernate.SQL -
    alter table if exists split_payment_participants
       drop constraint if exists FKm8ihek9h90wqt6t2w45tpumyv
23:32:15.225 [main] WARN  o.h.e.jdbc.spi.SqlExceptionHelper - SQL Warning Code: 0, SQLState: 00000
23:32:15.227 [main] WARN  o.h.e.jdbc.spi.SqlExceptionHelper - relation "split_payment_participants" does not exist, skipping
23:32:15.227 [main] DEBUG org.hibernate.SQL -
    drop table if exists payment_requests cascade
23:32:15.228 [main] WARN  o.h.e.jdbc.spi.SqlExceptionHelper - SQL Warning Code: 0, SQLState: 00000
23:32:15.229 [main] WARN  o.h.e.jdbc.spi.SqlExceptionHelper - table "payment_requests" does not exist, skipping
23:32:15.229 [main] DEBUG org.hibernate.SQL -
    drop table if exists scheduled_payment_executions cascade
23:32:15.231 [main] WARN  o.h.e.jdbc.spi.SqlExceptionHelper - SQL Warning Code: 0, SQLState: 00000
23:32:15.231 [main] WARN  o.h.e.jdbc.spi.SqlExceptionHelper - table "scheduled_payment_executions" does not exist, skipping
23:32:15.233 [main] DEBUG org.hibernate.SQL -
    drop table if exists scheduled_payments cascade
23:32:15.234 [main] WARN  o.h.e.jdbc.spi.SqlExceptionHelper - SQL Warning Code: 0, SQLState: 00000
23:32:15.234 [main] WARN  o.h.e.jdbc.spi.SqlExceptionHelper - table "scheduled_payments" does not exist, skipping
23:32:15.234 [main] DEBUG org.hibernate.SQL -
    drop table if exists split_payment_participants cascade
23:32:15.238 [main] WARN  o.h.e.jdbc.spi.SqlExceptionHelper - SQL Warning Code: 0, SQLState: 00000
23:32:15.238 [main] WARN  o.h.e.jdbc.spi.SqlExceptionHelper - table "split_payment_participants" does not exist, skipping
23:32:15.238 [main] DEBUG org.hibernate.SQL -
    drop table if exists split_payments cascade
23:32:15.243 [main] WARN  o.h.e.jdbc.spi.SqlExceptionHelper - SQL Warning Code: 0, SQLState: 00000
23:32:15.244 [main] WARN  o.h.e.jdbc.spi.SqlExceptionHelper - table "split_payments" does not exist, skipping
23:32:15.247 [main] DEBUG org.hibernate.SQL -
    create table payment_requests (
        amount numeric(19,4) not null,
        currency varchar(3) not null,
        created_at timestamp(6) not null,
        expiry_date timestamp(6) not null,
        updated_at timestamp(6) not null,
        version bigint,
        id uuid not null,
        recipient_id uuid not null,
        requestor_id uuid not null,
        transaction_id uuid,
        created_by varchar(255),
        description varchar(255),
        reference_number varchar(255),
        status varchar(255) not null check (status in ('PENDING','APPROVED','REJECTED','CANCELED','EXPIRED')),
        updated_by varchar(255),
        primary key (id)
    )
23:32:15.254 [main] DEBUG org.hibernate.SQL -
    create table scheduled_payment_executions (
        amount numeric(19,4) not null,
        currency varchar(3) not null,
        execution_date timestamp(6) not null,
        id uuid not null,
        scheduled_payment_id uuid not null,
        transaction_id uuid,
        error_message varchar(500),
        created_by varchar(255),
        status varchar(255) not null check (status in ('COMPLETED','FAILED')),
        primary key (id)
    )
23:32:15.257 [main] DEBUG org.hibernate.SQL -
    create table scheduled_payments (
        amount numeric(19,4) not null,
        completed_executions integer,
        currency varchar(3) not null,
        end_date date,
        last_execution_date date,
        max_executions integer,
        next_execution_date date,
        start_date date not null,
        total_executions integer,
        created_at timestamp(6) not null,
        updated_at timestamp(6) not null,
        version bigint,
        id uuid not null,
        recipient_id uuid not null,
        sender_id uuid not null,
        source_wallet_id uuid not null,
        created_by varchar(255),
        description varchar(255),
        frequency varchar(255) not null check (frequency in ('ONE_TIME','DAILY','WEEKLY','BIWEEKLY','MONTHLY','QUARTERLY','YEARLY')),
        status varchar(255) not null check (status in ('ACTIVE','PAUSED','CANCELED','COMPLETED')),
        updated_by varchar(255),
        primary key (id)
    )
23:32:15.260 [main] DEBUG org.hibernate.SQL -
    create table split_payment_participants (
        amount numeric(19,4) not null,
        paid boolean not null,
        created_at timestamp(6) not null,
        payment_date timestamp(6),
        updated_at timestamp(6) not null,
        id uuid not null,
        split_payment_id uuid not null,
        transaction_id uuid,
        user_id uuid not null,
        primary key (id)
    )
23:32:15.262 [main] DEBUG org.hibernate.SQL -
    create table split_payments (
        currency varchar(3) not null,
        total_amount numeric(19,4) not null,
        created_at timestamp(6) not null,
        expiry_date timestamp(6) not null,
        updated_at timestamp(6) not null,
        version bigint,
        id uuid not null,
        organizer_id uuid not null,
        title varchar(100) not null,
        description varchar(500),
        created_by varchar(255),
        status varchar(255) not null check (status in ('ACTIVE','COMPLETED','CANCELED','EXPIRED')),
        updated_by varchar(255),
        primary key (id)
    )
23:32:15.265 [main] DEBUG org.hibernate.SQL -
    alter table if exists scheduled_payment_executions
       add constraint FKh6sq8cqdjigmpt8j2v4xjpj4d
       foreign key (scheduled_payment_id)
       references scheduled_payments
23:32:15.268 [main] DEBUG org.hibernate.SQL -
    alter table if exists split_payment_participants
       add constraint FKm8ihek9h90wqt6t2w45tpumyv
       foreign key (split_payment_id)
       references split_payments
23:32:15.271 [main] INFO  o.s.o.j.LocalContainerEntityManagerFactoryBean - Initialized JPA EntityManagerFactory for persistence unit 'default'
23:32:16.260 [kafka-producer-network-thread | producer-1] WARN  o.apache.kafka.clients.NetworkClient - [Producer clientId=producer-1] Connection to node 1 (localhost/127.0.0.1:32770) could not be established. Broker may not be available.
23:32:17.424 [kafka-producer-network-thread | producer-1] WARN  o.apache.kafka.clients.NetworkClient - [Producer clientId=producer-1] Connection to node 1 (localhost/127.0.0.1:32770) could not be established. Broker may not be available.
23:32:18.337 [kafka-producer-network-thread | producer-1] WARN  o.apache.kafka.clients.NetworkClient - [Producer clientId=producer-1] Connection to node 1 (localhost/127.0.0.1:32770) could not be established. Broker may not be available.
23:32:19.188 [main] WARN  o.s.b.a.o.j.JpaBaseConfiguration$JpaWebConfiguration - spring.jpa.open-in-view is enabled by default. Therefore, database queries may be performed during view rendering. Explicitly configure spring.jpa.open-in-view to disable this warning
23:32:19.369 [kafka-producer-network-thread | producer-1] WARN  o.apache.kafka.clients.NetworkClient - [Producer clientId=producer-1] Connection to node 1 (localhost/127.0.0.1:32770) could not be established. Broker may not be available.
23:32:20.581 [kafka-producer-network-thread | producer-1] WARN  o.apache.kafka.clients.NetworkClient - [Producer clientId=producer-1] Connection to node 1 (localhost/127.0.0.1:32770) could not be established. Broker may not be available.
23:32:21.394 [main] INFO  o.s.b.a.e.web.EndpointLinksResolver - Exposing 3 endpoint(s) beneath base path '/actuator'
23:32:21.459 [main] INFO  o.s.s.web.DefaultSecurityFilterChain - Will secure any request with [org.springframework.security.web.session.DisableEncodeUrlFilter@23c34976, org.springframework.security.web.context.request.async.WebAsyncManagerIntegrationFilter@1da6508f, org.springframework.security.web.context.SecurityContextHolderFilter@79ce971e, org.springframework.security.web.header.HeaderWriterFilter@757a537a, org.springframework.web.filter.CorsFilter@79c40648, org.springframework.security.web.authentication.logout.LogoutFilter@9516b87, org.springframework.security.web.savedrequest.RequestCacheAwareFilter@31a872bd, org.springframework.security.web.servletapi.SecurityContextHolderAwareRequestFilter@6474690, org.springframework.security.web.authentication.AnonymousAuthenticationFilter@14675dc7, org.springframework.security.web.access.ExceptionTranslationFilter@50d6c88, org.springframework.security.web.access.intercept.AuthorizationFilter@6a272ef8]
23:32:21.715 [kafka-producer-network-thread | producer-1] WARN  o.apache.kafka.clients.NetworkClient - [Producer clientId=producer-1] Connection to node 1 (localhost/127.0.0.1:32770) could not be established. Broker may not be available.
23:32:22.689 [kafka-producer-network-thread | producer-1] WARN  o.apache.kafka.clients.NetworkClient - [Producer clientId=producer-1] Connection to node 1 (localhost/127.0.0.1:32770) could not be established. Broker may not be available.
23:32:23.774 [kafka-producer-network-thread | producer-1] WARN  o.apache.kafka.clients.NetworkClient - [Producer clientId=producer-1] Connection to node 1 (localhost/127.0.0.1:32770) could not be established. Broker may not be available.
23:32:23.804 [main] INFO  org.quartz.impl.StdSchedulerFactory - Using default implementation for ThreadExecutor
23:32:23.824 [main] INFO  o.quartz.core.SchedulerSignalerImpl - Initialized Scheduler Signaller of type: class org.quartz.core.SchedulerSignalerImpl
23:32:23.824 [main] INFO  org.quartz.core.QuartzScheduler - Quartz Scheduler v.2.3.2 created.
23:32:23.830 [main] INFO  org.quartz.simpl.RAMJobStore - RAMJobStore initialized.
23:32:23.832 [main] INFO  org.quartz.core.QuartzScheduler - Scheduler meta-data: Quartz Scheduler (v2.3.2) 'quartzScheduler' with instanceId 'NON_CLUSTERED'
  Scheduler class: 'org.quartz.core.QuartzScheduler' - running locally.
  NOT STARTED.
  Currently in standby mode.
  Number of jobs executed: 0
  Using thread pool 'org.quartz.simpl.SimpleThreadPool' - with 10 threads.
  Using job-store 'org.quartz.simpl.RAMJobStore' - which does not support persistence. and is not clustered.

23:32:23.832 [main] INFO  org.quartz.impl.StdSchedulerFactory - Quartz scheduler 'quartzScheduler' initialized from an externally provided properties instance.
23:32:23.833 [main] INFO  org.quartz.impl.StdSchedulerFactory - Quartz scheduler version: 2.3.2
23:32:23.834 [main] INFO  org.quartz.core.QuartzScheduler - JobFactory set to: org.springframework.scheduling.quartz.SpringBeanJobFactory@2a37bcad
23:32:24.467 [main] INFO  o.s.b.t.m.w.SpringBootMockServletContext - Initializing Spring TestDispatcherServlet ''
23:32:24.468 [main] INFO  o.s.t.w.s.TestDispatcherServlet - Initializing Servlet ''
23:32:24.475 [main] INFO  o.s.t.w.s.TestDispatcherServlet - Completed initialization in 3 ms
23:32:24.633 [kafka-producer-network-thread | producer-1] WARN  o.apache.kafka.clients.NetworkClient - [Producer clientId=producer-1] Connection to node 1 (localhost/127.0.0.1:32770) could not be established. Broker may not be available.
23:32:25.745 [kafka-producer-network-thread | producer-1] WARN  o.apache.kafka.clients.NetworkClient - [Producer clientId=producer-1] Connection to node 1 (localhost/127.0.0.1:32770) could not be established. Broker may not be available.
23:32:26.904 [kafka-producer-network-thread | producer-1] WARN  o.apache.kafka.clients.NetworkClient - [Producer clientId=producer-1] Connection to node 1 (localhost/127.0.0.1:32770) could not be established. Broker may not be available.
23:32:27.760 [kafka-producer-network-thread | producer-1] WARN  o.apache.kafka.clients.NetworkClient - [Producer clientId=producer-1] Connection to node 1 (localhost/127.0.0.1:32770) could not be established. Broker may not be available.
23:32:28.489 [main] INFO  o.s.s.quartz.SchedulerFactoryBean - Starting Quartz Scheduler now
23:32:28.491 [main] INFO  org.quartz.core.QuartzScheduler - Scheduler quartzScheduler_$_NON_CLUSTERED started.
23:32:28.561 [main] INFO  c.p.payment.PaymentServiceE2ETest - Started PaymentServiceE2ETest in 24.681 seconds (process running for 83.322)
23:32:28.772 [kafka-producer-network-thread | producer-1] WARN  o.apache.kafka.clients.NetworkClient - [Producer clientId=producer-1] Connection to node 1 (localhost/127.0.0.1:32770) could not be established. Broker may not be available.
23:32:29.127 [main] DEBUG org.hibernate.SQL -
    select
        pr1_0.id,
        pr1_0.amount,
        pr1_0.created_at,
        pr1_0.created_by,
        pr1_0.currency,
        pr1_0.description,
        pr1_0.expiry_date,
        pr1_0.recipient_id,
        pr1_0.reference_number,
        pr1_0.requestor_id,
        pr1_0.status,
        pr1_0.transaction_id,
        pr1_0.updated_at,
        pr1_0.updated_by,
        pr1_0.version
    from
        payment_requests pr1_0
23:32:29.431 [main] WARN  o.s.w.s.h.HandlerMappingIntrospector - Cache miss for REQUEST dispatch to '/api/v1/payment-requests' (previous null). Performing CorsConfiguration lookup. This is logged once only at WARN level, and every time at TRACE.
23:32:29.728 [kafka-producer-network-thread | producer-1] WARN  o.apache.kafka.clients.NetworkClient - [Producer clientId=producer-1] Connection to node 1 (localhost/127.0.0.1:32770) could not be established. Broker may not be available.
23:32:29.920 [main] INFO  c.p.p.api.PaymentRequestController - Create payment request received
23:32:29.923 [main] INFO  c.p.p.service.PaymentRequestService - Creating payment request from user 3da1bd8c-d04b-4eee-b8ab-c7a8c1142599 to user e8b1d662-7125-4a38-b9d8-a1c266e8e89a
23:32:30.217 [main] DEBUG org.hibernate.SQL -
    insert
    into
        payment_requests
        (amount, created_at, created_by, currency, description, expiry_date, recipient_id, reference_number, requestor_id, status, transaction_id, updated_at, updated_by, version, id)
    values
        (?, ?, ?, ?, ?, ?, ?, ?, ?, ?, ?, ?, ?, ?, ?)
23:32:30.540 [kafka-producer-network-thread | producer-1] WARN  o.apache.kafka.clients.NetworkClient - [Producer clientId=producer-1] Connection to node 1 (localhost/127.0.0.1:32770) could not be established. Broker may not be available.
23:32:30.640 [main] ERROR c.p.p.api.GlobalExceptionHandler - Illegal argument
java.lang.IllegalArgumentException: Name for argument of type [java.util.UUID] not specified, and parameter name information not found in class file either.
        at org.springframework.web.method.annotation.AbstractNamedValueMethodArgumentResolver.updateNamedValueInfo(AbstractNamedValueMethodArgumentResolver.java:183) ~[spring-web-6.1.1.jar:6.1.1]
        at org.springframework.web.method.annotation.AbstractNamedValueMethodArgumentResolver.getNamedValueInfo(AbstractNamedValueMethodArgumentResolver.java:160) ~[spring-web-6.1.1.jar:6.1.1]
        at org.springframework.web.method.annotation.AbstractNamedValueMethodArgumentResolver.resolveArgument(AbstractNamedValueMethodArgumentResolver.java:106) ~[spring-web-6.1.1.jar:6.1.1]
        at org.springframework.web.method.support.HandlerMethodArgumentResolverComposite.resolveArgument(HandlerMethodArgumentResolverComposite.java:122) ~[spring-web-6.1.1.jar:6.1.1]
        at org.springframework.web.method.support.InvocableHandlerMethod.getMethodArgumentValues(InvocableHandlerMethod.java:218) ~[spring-web-6.1.1.jar:6.1.1]
        at org.springframework.web.method.support.InvocableHandlerMethod.invokeForRequest(InvocableHandlerMethod.java:171) ~[spring-web-6.1.1.jar:6.1.1]
        at org.springframework.web.servlet.mvc.method.annotation.ServletInvocableHandlerMethod.invokeAndHandle(ServletInvocableHandlerMethod.java:118) ~[spring-webmvc-6.1.1.jar:6.1.1]
        at org.springframework.web.servlet.mvc.method.annotation.RequestMappingHandlerAdapter.invokeHandlerMethod(RequestMappingHandlerAdapter.java:917) ~[spring-webmvc-6.1.1.jar:6.1.1]
        at org.springframework.web.servlet.mvc.method.annotation.RequestMappingHandlerAdapter.handleInternal(RequestMappingHandlerAdapter.java:829) ~[spring-webmvc-6.1.1.jar:6.1.1]
        at org.springframework.web.servlet.mvc.method.AbstractHandlerMethodAdapter.handle(AbstractHandlerMethodAdapter.java:87) ~[spring-webmvc-6.1.1.jar:6.1.1]
        at org.springframework.web.servlet.DispatcherServlet.doDispatch(DispatcherServlet.java:1089) ~[spring-webmvc-6.1.1.jar:6.1.1]
        at org.springframework.web.servlet.DispatcherServlet.doService(DispatcherServlet.java:979) ~[spring-webmvc-6.1.1.jar:6.1.1]
        at org.springframework.web.servlet.FrameworkServlet.processRequest(FrameworkServlet.java:1014) ~[spring-webmvc-6.1.1.jar:6.1.1]
        at org.springframework.web.servlet.FrameworkServlet.doGet(FrameworkServlet.java:903) ~[spring-webmvc-6.1.1.jar:6.1.1]
        at jakarta.servlet.http.HttpServlet.service(HttpServlet.java:564) ~[tomcat-embed-core-10.1.16.jar:6.0]
        at org.springframework.web.servlet.FrameworkServlet.service(FrameworkServlet.java:885) ~[spring-webmvc-6.1.1.jar:6.1.1]
        at org.springframework.test.web.servlet.TestDispatcherServlet.service(TestDispatcherServlet.java:72) ~[spring-test-6.1.1.jar:6.1.1]
        at jakarta.servlet.http.HttpServlet.service(HttpServlet.java:658) ~[tomcat-embed-core-10.1.16.jar:6.0]
        at org.springframework.mock.web.MockFilterChain$ServletFilterProxy.doFilter(MockFilterChain.java:165) ~[spring-test-6.1.1.jar:6.1.1]
        at org.springframework.mock.web.MockFilterChain.doFilter(MockFilterChain.java:132) ~[spring-test-6.1.1.jar:6.1.1]
        at org.springframework.security.web.FilterChainProxy.lambda$doFilterInternal$3(FilterChainProxy.java:231) ~[spring-security-web-6.2.0.jar:6.2.0]
        at org.springframework.security.web.ObservationFilterChainDecorator$FilterObservation$SimpleFilterObservation.lambda$wrap$1(ObservationFilterChainDecorator.java:479) ~[spring-security-web-6.2.0.jar:6.2.0]
        at org.springframework.security.web.ObservationFilterChainDecorator$AroundFilterObservation$SimpleAroundFilterObservation.lambda$wrap$1(ObservationFilterChainDecorator.java:340) ~[spring-security-web-6.2.0.jar:6.2.0]
        at org.springframework.security.web.ObservationFilterChainDecorator.lambda$wrapSecured$0(ObservationFilterChainDecorator.java:82) ~[spring-security-web-6.2.0.jar:6.2.0]
        at org.springframework.security.web.ObservationFilterChainDecorator$VirtualFilterChain.doFilter(ObservationFilterChainDecorator.java:128) ~[spring-security-web-6.2.0.jar:6.2.0]
        at org.springframework.security.web.access.intercept.AuthorizationFilter.doFilter(AuthorizationFilter.java:100) ~[spring-security-web-6.2.0.jar:6.2.0]
        at org.springframework.security.web.ObservationFilterChainDecorator$ObservationFilter.wrapFilter(ObservationFilterChainDecorator.java:240) ~[spring-security-web-6.2.0.jar:6.2.0]
        at org.springframework.security.web.ObservationFilterChainDecorator$ObservationFilter.doFilter(ObservationFilterChainDecorator.java:227) ~[spring-security-web-6.2.0.jar:6.2.0]
        at org.springframework.security.web.ObservationFilterChainDecorator$VirtualFilterChain.doFilter(ObservationFilterChainDecorator.java:137) ~[spring-security-web-6.2.0.jar:6.2.0]
        at org.springframework.security.web.access.ExceptionTranslationFilter.doFilter(ExceptionTranslationFilter.java:126) ~[spring-security-web-6.2.0.jar:6.2.0]
        at org.springframework.security.web.access.ExceptionTranslationFilter.doFilter(ExceptionTranslationFilter.java:120) ~[spring-security-web-6.2.0.jar:6.2.0]
        at org.springframework.security.web.ObservationFilterChainDecorator$ObservationFilter.wrapFilter(ObservationFilterChainDecorator.java:240) ~[spring-security-web-6.2.0.jar:6.2.0]
        at org.springframework.security.web.ObservationFilterChainDecorator$ObservationFilter.doFilter(ObservationFilterChainDecorator.java:227) ~[spring-security-web-6.2.0.jar:6.2.0]
        at org.springframework.security.web.ObservationFilterChainDecorator$VirtualFilterChain.doFilter(ObservationFilterChainDecorator.java:137) ~[spring-security-web-6.2.0.jar:6.2.0]
        at org.springframework.security.web.authentication.AnonymousAuthenticationFilter.doFilter(AnonymousAuthenticationFilter.java:100) ~[spring-security-web-6.2.0.jar:6.2.0]
        at org.springframework.security.web.ObservationFilterChainDecorator$ObservationFilter.wrapFilter(ObservationFilterChainDecorator.java:240) ~[spring-security-web-6.2.0.jar:6.2.0]
        at org.springframework.security.web.ObservationFilterChainDecorator$ObservationFilter.doFilter(ObservationFilterChainDecorator.java:227) ~[spring-security-web-6.2.0.jar:6.2.0]
        at org.springframework.security.web.ObservationFilterChainDecorator$VirtualFilterChain.doFilter(ObservationFilterChainDecorator.java:137) ~[spring-security-web-6.2.0.jar:6.2.0]
        at org.springframework.security.web.servletapi.SecurityContextHolderAwareRequestFilter.doFilter(SecurityContextHolderAwareRequestFilter.java:179) ~[spring-security-web-6.2.0.jar:6.2.0]
        at org.springframework.security.web.ObservationFilterChainDecorator$ObservationFilter.wrapFilter(ObservationFilterChainDecorator.java:240) ~[spring-security-web-6.2.0.jar:6.2.0]
        at org.springframework.security.web.ObservationFilterChainDecorator$ObservationFilter.doFilter(ObservationFilterChainDecorator.java:227) ~[spring-security-web-6.2.0.jar:6.2.0]
        at org.springframework.security.web.ObservationFilterChainDecorator$VirtualFilterChain.doFilter(ObservationFilterChainDecorator.java:137) ~[spring-security-web-6.2.0.jar:6.2.0]
        at org.springframework.security.web.savedrequest.RequestCacheAwareFilter.doFilter(RequestCacheAwareFilter.java:63) ~[spring-security-web-6.2.0.jar:6.2.0]
        at org.springframework.security.web.ObservationFilterChainDecorator$ObservationFilter.wrapFilter(ObservationFilterChainDecorator.java:240) ~[spring-security-web-6.2.0.jar:6.2.0]
        at org.springframework.security.web.ObservationFilterChainDecorator$ObservationFilter.doFilter(ObservationFilterChainDecorator.java:227) ~[spring-security-web-6.2.0.jar:6.2.0]
        at org.springframework.security.web.ObservationFilterChainDecorator$VirtualFilterChain.doFilter(ObservationFilterChainDecorator.java:137) ~[spring-security-web-6.2.0.jar:6.2.0]
        at org.springframework.security.web.authentication.logout.LogoutFilter.doFilter(LogoutFilter.java:107) ~[spring-security-web-6.2.0.jar:6.2.0]
        at org.springframework.security.web.authentication.logout.LogoutFilter.doFilter(LogoutFilter.java:93) ~[spring-security-web-6.2.0.jar:6.2.0]
        at org.springframework.security.web.ObservationFilterChainDecorator$ObservationFilter.wrapFilter(ObservationFilterChainDecorator.java:240) ~[spring-security-web-6.2.0.jar:6.2.0]
        at org.springframework.security.web.ObservationFilterChainDecorator$ObservationFilter.doFilter(ObservationFilterChainDecorator.java:227) ~[spring-security-web-6.2.0.jar:6.2.0]
        at org.springframework.security.web.ObservationFilterChainDecorator$VirtualFilterChain.doFilter(ObservationFilterChainDecorator.java:137) ~[spring-security-web-6.2.0.jar:6.2.0]
        at org.springframework.web.filter.CorsFilter.doFilterInternal(CorsFilter.java:91) ~[spring-web-6.1.1.jar:6.1.1]
        at org.springframework.web.filter.OncePerRequestFilter.doFilter(OncePerRequestFilter.java:116) ~[spring-web-6.1.1.jar:6.1.1]
        at org.springframework.security.web.ObservationFilterChainDecorator$ObservationFilter.wrapFilter(ObservationFilterChainDecorator.java:240) ~[spring-security-web-6.2.0.jar:6.2.0]
        at org.springframework.security.web.ObservationFilterChainDecorator$ObservationFilter.doFilter(ObservationFilterChainDecorator.java:227) ~[spring-security-web-6.2.0.jar:6.2.0]
        at org.springframework.security.web.ObservationFilterChainDecorator$VirtualFilterChain.doFilter(ObservationFilterChainDecorator.java:137) ~[spring-security-web-6.2.0.jar:6.2.0]
        at org.springframework.security.web.header.HeaderWriterFilter.doHeadersAfter(HeaderWriterFilter.java:90) ~[spring-security-web-6.2.0.jar:6.2.0]
        at org.springframework.security.web.header.HeaderWriterFilter.doFilterInternal(HeaderWriterFilter.java:75) ~[spring-security-web-6.2.0.jar:6.2.0]
        at org.springframework.web.filter.OncePerRequestFilter.doFilter(OncePerRequestFilter.java:116) ~[spring-web-6.1.1.jar:6.1.1]
        at org.springframework.security.web.ObservationFilterChainDecorator$ObservationFilter.wrapFilter(ObservationFilterChainDecorator.java:240) ~[spring-security-web-6.2.0.jar:6.2.0]
        at org.springframework.security.web.ObservationFilterChainDecorator$ObservationFilter.doFilter(ObservationFilterChainDecorator.java:227) ~[spring-security-web-6.2.0.jar:6.2.0]
        at org.springframework.security.web.ObservationFilterChainDecorator$VirtualFilterChain.doFilter(ObservationFilterChainDecorator.java:137) ~[spring-security-web-6.2.0.jar:6.2.0]
        at org.springframework.security.web.context.SecurityContextHolderFilter.doFilter(SecurityContextHolderFilter.java:82) ~[spring-security-web-6.2.0.jar:6.2.0]
        at org.springframework.security.web.context.SecurityContextHolderFilter.doFilter(SecurityContextHolderFilter.java:69) ~[spring-security-web-6.2.0.jar:6.2.0]
        at org.springframework.security.web.ObservationFilterChainDecorator$ObservationFilter.wrapFilter(ObservationFilterChainDecorator.java:240) ~[spring-security-web-6.2.0.jar:6.2.0]
        at org.springframework.security.web.ObservationFilterChainDecorator$ObservationFilter.doFilter(ObservationFilterChainDecorator.java:227) ~[spring-security-web-6.2.0.jar:6.2.0]
        at org.springframework.security.web.ObservationFilterChainDecorator$VirtualFilterChain.doFilter(ObservationFilterChainDecorator.java:137) ~[spring-security-web-6.2.0.jar:6.2.0]
        at org.springframework.security.web.context.request.async.WebAsyncManagerIntegrationFilter.doFilterInternal(WebAsyncManagerIntegrationFilter.java:62) ~[spring-security-web-6.2.0.jar:6.2.0]
        at org.springframework.web.filter.OncePerRequestFilter.doFilter(OncePerRequestFilter.java:116) ~[spring-web-6.1.1.jar:6.1.1]
        at org.springframework.security.web.ObservationFilterChainDecorator$ObservationFilter.wrapFilter(ObservationFilterChainDecorator.java:240) ~[spring-security-web-6.2.0.jar:6.2.0]
        at org.springframework.security.web.ObservationFilterChainDecorator$ObservationFilter.doFilter(ObservationFilterChainDecorator.java:227) ~[spring-security-web-6.2.0.jar:6.2.0]
        at org.springframework.security.web.ObservationFilterChainDecorator$VirtualFilterChain.doFilter(ObservationFilterChainDecorator.java:137) ~[spring-security-web-6.2.0.jar:6.2.0]
        at org.springframework.security.web.session.DisableEncodeUrlFilter.doFilterInternal(DisableEncodeUrlFilter.java:42) ~[spring-security-web-6.2.0.jar:6.2.0]
        at org.springframework.web.filter.OncePerRequestFilter.doFilter(OncePerRequestFilter.java:116) ~[spring-web-6.1.1.jar:6.1.1]
        at org.springframework.security.web.ObservationFilterChainDecorator$ObservationFilter.wrapFilter(ObservationFilterChainDecorator.java:240) ~[spring-security-web-6.2.0.jar:6.2.0]
        at org.springframework.security.web.ObservationFilterChainDecorator$AroundFilterObservation$SimpleAroundFilterObservation.lambda$wrap$0(ObservationFilterChainDecorator.java:323) ~[spring-security-web-6.2.0.jar:6.2.0]
        at org.springframework.security.web.ObservationFilterChainDecorator$ObservationFilter.doFilter(ObservationFilterChainDecorator.java:224) ~[spring-security-web-6.2.0.jar:6.2.0]
        at org.springframework.security.web.ObservationFilterChainDecorator$VirtualFilterChain.doFilter(ObservationFilterChainDecorator.java:137) ~[spring-security-web-6.2.0.jar:6.2.0]
        at org.springframework.security.web.FilterChainProxy.doFilterInternal(FilterChainProxy.java:233) ~[spring-security-web-6.2.0.jar:6.2.0]
        at org.springframework.security.web.FilterChainProxy.doFilter(FilterChainProxy.java:191) ~[spring-security-web-6.2.0.jar:6.2.0]
        at org.springframework.web.filter.DelegatingFilterProxy.invokeDelegate(DelegatingFilterProxy.java:352) ~[spring-web-6.1.1.jar:6.1.1]
        at org.springframework.web.filter.DelegatingFilterProxy.doFilter(DelegatingFilterProxy.java:268) ~[spring-web-6.1.1.jar:6.1.1]
        at org.springframework.test.web.servlet.setup.MockMvcFilterDecorator.doFilter(MockMvcFilterDecorator.java:151) ~[spring-test-6.1.1.jar:6.1.1]
        at org.springframework.mock.web.MockFilterChain.doFilter(MockFilterChain.java:132) ~[spring-test-6.1.1.jar:6.1.1]
        at org.springframework.web.filter.RequestContextFilter.doFilterInternal(RequestContextFilter.java:100) ~[spring-web-6.1.1.jar:6.1.1]
        at org.springframework.web.filter.OncePerRequestFilter.doFilter(OncePerRequestFilter.java:116) ~[spring-web-6.1.1.jar:6.1.1]
        at org.springframework.test.web.servlet.setup.MockMvcFilterDecorator.doFilter(MockMvcFilterDecorator.java:151) ~[spring-test-6.1.1.jar:6.1.1]
        at org.springframework.mock.web.MockFilterChain.doFilter(MockFilterChain.java:132) ~[spring-test-6.1.1.jar:6.1.1]
        at org.springframework.web.filter.FormContentFilter.doFilterInternal(FormContentFilter.java:93) ~[spring-web-6.1.1.jar:6.1.1]
        at org.springframework.web.filter.OncePerRequestFilter.doFilter(OncePerRequestFilter.java:116) ~[spring-web-6.1.1.jar:6.1.1]
        at org.springframework.test.web.servlet.setup.MockMvcFilterDecorator.doFilter(MockMvcFilterDecorator.java:151) ~[spring-test-6.1.1.jar:6.1.1]
        at org.springframework.mock.web.MockFilterChain.doFilter(MockFilterChain.java:132) ~[spring-test-6.1.1.jar:6.1.1]
        at org.springframework.web.filter.ServerHttpObservationFilter.doFilterInternal(ServerHttpObservationFilter.java:109) ~[spring-web-6.1.1.jar:6.1.1]
        at org.springframework.web.filter.OncePerRequestFilter.doFilter(OncePerRequestFilter.java:116) ~[spring-web-6.1.1.jar:6.1.1]
        at org.springframework.test.web.servlet.setup.MockMvcFilterDecorator.doFilter(MockMvcFilterDecorator.java:151) ~[spring-test-6.1.1.jar:6.1.1]
        at org.springframework.mock.web.MockFilterChain.doFilter(MockFilterChain.java:132) ~[spring-test-6.1.1.jar:6.1.1]
        at org.springframework.web.filter.CharacterEncodingFilter.doFilterInternal(CharacterEncodingFilter.java:201) ~[spring-web-6.1.1.jar:6.1.1]
        at org.springframework.web.filter.OncePerRequestFilter.doFilter(OncePerRequestFilter.java:116) ~[spring-web-6.1.1.jar:6.1.1]
        at org.springframework.test.web.servlet.setup.MockMvcFilterDecorator.doFilter(MockMvcFilterDecorator.java:151) ~[spring-test-6.1.1.jar:6.1.1]
        at org.springframework.mock.web.MockFilterChain.doFilter(MockFilterChain.java:132) ~[spring-test-6.1.1.jar:6.1.1]
        at org.springframework.test.web.servlet.MockMvc.perform(MockMvc.java:201) ~[spring-test-6.1.1.jar:6.1.1]
        at com.p2pfinance.payment.PaymentServiceE2ETest.testPaymentRequestCreationAndApproval(PaymentServiceE2ETest.java:172) ~[test-classes/:na]
        at java.base/jdk.internal.reflect.NativeMethodAccessorImpl.invoke0(Native Method) ~[na:na]
        at java.base/jdk.internal.reflect.NativeMethodAccessorImpl.invoke(NativeMethodAccessorImpl.java:77) ~[na:na]
        at java.base/jdk.internal.reflect.DelegatingMethodAccessorImpl.invoke(DelegatingMethodAccessorImpl.java:43) ~[na:na]
        at java.base/java.lang.reflect.Method.invoke(Method.java:569) ~[na:na]
        at org.junit.platform.commons.util.ReflectionUtils.invokeMethod(ReflectionUtils.java:728) ~[junit-platform-commons-1.10.1.jar:1.10.1]
        at org.junit.jupiter.engine.execution.MethodInvocation.proceed(MethodInvocation.java:60) ~[junit-jupiter-engine-5.10.1.jar:5.10.1]
        at org.junit.jupiter.engine.execution.InvocationInterceptorChain$ValidatingInvocation.proceed(InvocationInterceptorChain.java:131) ~[junit-jupiter-engine-5.10.1.jar:5.10.1]
        at org.junit.jupiter.engine.extension.TimeoutExtension.intercept(TimeoutExtension.java:156) ~[junit-jupiter-engine-5.10.1.jar:5.10.1]
        at org.junit.jupiter.engine.extension.TimeoutExtension.interceptTestableMethod(TimeoutExtension.java:147) ~[junit-jupiter-engine-5.10.1.jar:5.10.1]
        at org.junit.jupiter.engine.extension.TimeoutExtension.interceptTestMethod(TimeoutExtension.java:86) ~[junit-jupiter-engine-5.10.1.jar:5.10.1]
        at org.junit.jupiter.engine.execution.InterceptingExecutableInvoker$ReflectiveInterceptorCall.lambda$ofVoidMethod$0(InterceptingExecutableInvoker.java:103) ~[junit-jupiter-engine-5.10.1.jar:5.10.1]
        at org.junit.jupiter.engine.execution.InterceptingExecutableInvoker.lambda$invoke$0(InterceptingExecutableInvoker.java:93) ~[junit-jupiter-engine-5.10.1.jar:5.10.1]
        at org.junit.jupiter.engine.execution.InvocationInterceptorChain$InterceptedInvocation.proceed(InvocationInterceptorChain.java:106) ~[junit-jupiter-engine-5.10.1.jar:5.10.1]
        at org.junit.jupiter.engine.execution.InvocationInterceptorChain.proceed(InvocationInterceptorChain.java:64) ~[junit-jupiter-engine-5.10.1.jar:5.10.1]
        at org.junit.jupiter.engine.execution.InvocationInterceptorChain.chainAndInvoke(InvocationInterceptorChain.java:45) ~[junit-jupiter-engine-5.10.1.jar:5.10.1]
        at org.junit.jupiter.engine.execution.InvocationInterceptorChain.invoke(InvocationInterceptorChain.java:37) ~[junit-jupiter-engine-5.10.1.jar:5.10.1]
        at org.junit.jupiter.engine.execution.InterceptingExecutableInvoker.invoke(InterceptingExecutableInvoker.java:92) ~[junit-jupiter-engine-5.10.1.jar:5.10.1]
        at org.junit.jupiter.engine.execution.InterceptingExecutableInvoker.invoke(InterceptingExecutableInvoker.java:86) ~[junit-jupiter-engine-5.10.1.jar:5.10.1]
        at org.junit.jupiter.engine.descriptor.TestMethodTestDescriptor.lambda$invokeTestMethod$7(TestMethodTestDescriptor.java:218) ~[junit-jupiter-engine-5.10.1.jar:5.10.1]
        at org.junit.platform.engine.support.hierarchical.ThrowableCollector.execute(ThrowableCollector.java:73) ~[junit-platform-engine-1.10.1.jar:1.10.1]
        at org.junit.jupiter.engine.descriptor.TestMethodTestDescriptor.invokeTestMethod(TestMethodTestDescriptor.java:214) ~[junit-jupiter-engine-5.10.1.jar:5.10.1]
        at org.junit.jupiter.engine.descriptor.TestMethodTestDescriptor.execute(TestMethodTestDescriptor.java:139) ~[junit-jupiter-engine-5.10.1.jar:5.10.1]
        at org.junit.jupiter.engine.descriptor.TestMethodTestDescriptor.execute(TestMethodTestDescriptor.java:69) ~[junit-jupiter-engine-5.10.1.jar:5.10.1]
        at org.junit.platform.engine.support.hierarchical.NodeTestTask.lambda$executeRecursively$6(NodeTestTask.java:151) ~[junit-platform-engine-1.10.1.jar:1.10.1]
        at org.junit.platform.engine.support.hierarchical.ThrowableCollector.execute(ThrowableCollector.java:73) ~[junit-platform-engine-1.10.1.jar:1.10.1]
        at org.junit.platform.engine.support.hierarchical.NodeTestTask.lambda$executeRecursively$8(NodeTestTask.java:141) ~[junit-platform-engine-1.10.1.jar:1.10.1]
        at org.junit.platform.engine.support.hierarchical.Node.around(Node.java:137) ~[junit-platform-engine-1.10.1.jar:1.10.1]
        at org.junit.platform.engine.support.hierarchical.NodeTestTask.lambda$executeRecursively$9(NodeTestTask.java:139) ~[junit-platform-engine-1.10.1.jar:1.10.1]
        at org.junit.platform.engine.support.hierarchical.ThrowableCollector.execute(ThrowableCollector.java:73) ~[junit-platform-engine-1.10.1.jar:1.10.1]
        at org.junit.platform.engine.support.hierarchical.NodeTestTask.executeRecursively(NodeTestTask.java:138) ~[junit-platform-engine-1.10.1.jar:1.10.1]
        at org.junit.platform.engine.support.hierarchical.NodeTestTask.execute(NodeTestTask.java:95) ~[junit-platform-engine-1.10.1.jar:1.10.1]
        at java.base/java.util.ArrayList.forEach(ArrayList.java:1511) ~[na:na]
        at org.junit.platform.engine.support.hierarchical.SameThreadHierarchicalTestExecutorService.invokeAll(SameThreadHierarchicalTestExecutorService.java:41) ~[junit-platform-engine-1.10.1.jar:1.10.1]
        at org.junit.platform.engine.support.hierarchical.NodeTestTask.lambda$executeRecursively$6(NodeTestTask.java:155) ~[junit-platform-engine-1.10.1.jar:1.10.1]
        at org.junit.platform.engine.support.hierarchical.ThrowableCollector.execute(ThrowableCollector.java:73) ~[junit-platform-engine-1.10.1.jar:1.10.1]
        at org.junit.platform.engine.support.hierarchical.NodeTestTask.lambda$executeRecursively$8(NodeTestTask.java:141) ~[junit-platform-engine-1.10.1.jar:1.10.1]
        at org.junit.platform.engine.support.hierarchical.Node.around(Node.java:137) ~[junit-platform-engine-1.10.1.jar:1.10.1]
        at org.junit.platform.engine.support.hierarchical.NodeTestTask.lambda$executeRecursively$9(NodeTestTask.java:139) ~[junit-platform-engine-1.10.1.jar:1.10.1]
        at org.junit.platform.engine.support.hierarchical.ThrowableCollector.execute(ThrowableCollector.java:73) ~[junit-platform-engine-1.10.1.jar:1.10.1]
        at org.junit.platform.engine.support.hierarchical.NodeTestTask.executeRecursively(NodeTestTask.java:138) ~[junit-platform-engine-1.10.1.jar:1.10.1]
        at org.junit.platform.engine.support.hierarchical.NodeTestTask.execute(NodeTestTask.java:95) ~[junit-platform-engine-1.10.1.jar:1.10.1]
        at java.base/java.util.ArrayList.forEach(ArrayList.java:1511) ~[na:na]
        at org.junit.platform.engine.support.hierarchical.SameThreadHierarchicalTestExecutorService.invokeAll(SameThreadHierarchicalTestExecutorService.java:41) ~[junit-platform-engine-1.10.1.jar:1.10.1]
        at org.junit.platform.engine.support.hierarchical.NodeTestTask.lambda$executeRecursively$6(NodeTestTask.java:155) ~[junit-platform-engine-1.10.1.jar:1.10.1]
        at org.junit.platform.engine.support.hierarchical.ThrowableCollector.execute(ThrowableCollector.java:73) ~[junit-platform-engine-1.10.1.jar:1.10.1]
        at org.junit.platform.engine.support.hierarchical.NodeTestTask.lambda$executeRecursively$8(NodeTestTask.java:141) ~[junit-platform-engine-1.10.1.jar:1.10.1]
        at org.junit.platform.engine.support.hierarchical.Node.around(Node.java:137) ~[junit-platform-engine-1.10.1.jar:1.10.1]
        at org.junit.platform.engine.support.hierarchical.NodeTestTask.lambda$executeRecursively$9(NodeTestTask.java:139) ~[junit-platform-engine-1.10.1.jar:1.10.1]
        at org.junit.platform.engine.support.hierarchical.ThrowableCollector.execute(ThrowableCollector.java:73) ~[junit-platform-engine-1.10.1.jar:1.10.1]
        at org.junit.platform.engine.support.hierarchical.NodeTestTask.executeRecursively(NodeTestTask.java:138) ~[junit-platform-engine-1.10.1.jar:1.10.1]
        at org.junit.platform.engine.support.hierarchical.NodeTestTask.execute(NodeTestTask.java:95) ~[junit-platform-engine-1.10.1.jar:1.10.1]
        at org.junit.platform.engine.support.hierarchical.SameThreadHierarchicalTestExecutorService.submit(SameThreadHierarchicalTestExecutorService.java:35) ~[junit-platform-engine-1.10.1.jar:1.10.1]
        at org.junit.platform.engine.support.hierarchical.HierarchicalTestExecutor.execute(HierarchicalTestExecutor.java:57) ~[junit-platform-engine-1.10.1.jar:1.10.1]
        at org.junit.platform.engine.support.hierarchical.HierarchicalTestEngine.execute(HierarchicalTestEngine.java:54) ~[junit-platform-engine-1.10.1.jar:1.10.1]
        at org.junit.platform.launcher.core.EngineExecutionOrchestrator.execute(EngineExecutionOrchestrator.java:198) ~[junit-platform-launcher-1.10.1.jar:1.10.1]
        at org.junit.platform.launcher.core.EngineExecutionOrchestrator.execute(EngineExecutionOrchestrator.java:169) ~[junit-platform-launcher-1.10.1.jar:1.10.1]
        at org.junit.platform.launcher.core.EngineExecutionOrchestrator.execute(EngineExecutionOrchestrator.java:93) ~[junit-platform-launcher-1.10.1.jar:1.10.1]
        at org.junit.platform.launcher.core.EngineExecutionOrchestrator.lambda$execute$0(EngineExecutionOrchestrator.java:58) ~[junit-platform-launcher-1.10.1.jar:1.10.1]
        at org.junit.platform.launcher.core.EngineExecutionOrchestrator.withInterceptedStreams(EngineExecutionOrchestrator.java:141) ~[junit-platform-launcher-1.10.1.jar:1.10.1]
        at org.junit.platform.launcher.core.EngineExecutionOrchestrator.execute(EngineExecutionOrchestrator.java:57) ~[junit-platform-launcher-1.10.1.jar:1.10.1]
        at org.junit.platform.launcher.core.DefaultLauncher.execute(DefaultLauncher.java:103) ~[junit-platform-launcher-1.10.1.jar:1.10.1]
        at org.junit.platform.launcher.core.DefaultLauncher.execute(DefaultLauncher.java:85) ~[junit-platform-launcher-1.10.1.jar:1.10.1]
        at org.junit.platform.launcher.core.DelegatingLauncher.execute(DelegatingLauncher.java:47) ~[junit-platform-launcher-1.10.1.jar:1.10.1]
        at org.apache.maven.surefire.junitplatform.LazyLauncher.execute(LazyLauncher.java:56) ~[surefire-junit-platform-3.1.2.jar:3.1.2]
        at org.apache.maven.surefire.junitplatform.JUnitPlatformProvider.execute(JUnitPlatformProvider.java:184) ~[surefire-junit-platform-3.1.2.jar:3.1.2]
        at org.apache.maven.surefire.junitplatform.JUnitPlatformProvider.invokeAllTests(JUnitPlatformProvider.java:148) ~[surefire-junit-platform-3.1.2.jar:3.1.2]
        at org.apache.maven.surefire.junitplatform.JUnitPlatformProvider.invoke(JUnitPlatformProvider.java:122) ~[surefire-junit-platform-3.1.2.jar:3.1.2]
        at org.apache.maven.surefire.booter.ForkedBooter.runSuitesInProcess(ForkedBooter.java:385) ~[surefire-booter-3.1.2.jar:3.1.2]
        at org.apache.maven.surefire.booter.ForkedBooter.execute(ForkedBooter.java:162) ~[surefire-booter-3.1.2.jar:3.1.2]
        at org.apache.maven.surefire.booter.ForkedBooter.run(ForkedBooter.java:507) ~[surefire-booter-3.1.2.jar:3.1.2]
        at org.apache.maven.surefire.booter.ForkedBooter.main(ForkedBooter.java:495) ~[surefire-booter-3.1.2.jar:3.1.2]

MockHttpServletRequest:
      HTTP Method = POST
      Request URI = /api/v1/payment-requests
       Parameters = {}
          Headers = [Content-Type:"application/json;charset=UTF-8", Content-Length:"141"]
             Body = {"recipientId":"e8b1d662-7125-4a38-b9d8-a1c266e8e89a","amount":100.00,"currency":"USD","description":"Test payment request","expiryHours":48}
    Session Attrs = {SPRING_SECURITY_CONTEXT=SecurityContextImpl [Authentication=UsernamePasswordAuthenticationToken [Principal=org.springframework.security.core.userdetails.User [Username=3da1bd8c-d04b-4eee-b8ab-c7a8c1142599, Password=[PROTECTED], Enabled=true, AccountNonExpired=true, CredentialsNonExpired=true, AccountNonLocked=true, Granted Authorities=[ROLE_USER]], Credentials=[PROTECTED], Authenticated=true, Details=null, Granted Authorities=[ROLE_USER]]]}

Handler:
             Type = com.p2pfinance.payment.api.PaymentRequestController
           Method = com.p2pfinance.payment.api.PaymentRequestController#createPaymentRequest(UserDetails, CreatePaymentRequestRequest)

Async:
    Async started = false
     Async result = null

Resolved Exception:
             Type = null

ModelAndView:
        View name = null
             View = null
            Model = null

FlashMap:
       Attributes = null

MockHttpServletResponse:
           Status = 200
    Error message = null
          Headers = [Vary:"Origin", "Access-Control-Request-Method", "Access-Control-Request-Headers", Content-Type:"application/json", X-Content-Type-Options:"nosniff", X-XSS-Protection:"0", Cache-Control:"no-cache, no-store, max-age=0, must-revalidate", Pragma:"no-cache", Expires:"0", X-Frame-Options:"DENY"]
     Content type = application/json
             Body = {"id":"011a3ff8-f3f4-4e27-9097-6b69faec95b0","requestorId":"3da1bd8c-d04b-4eee-b8ab-c7a8c1142599","recipientId":"e8b1d662-7125-4a38-b9d8-a1c266e8e89a","amount":100.00,"currency":"USD","description":"Test payment request","status":"PENDING","referenceNumber":"PR17424199499245073C85B","expiryDate":"2025-03-21T23:32:29.924672881","createdAt":"2025-03-19T23:32:29.924683277","updatedAt":"2025-03-19T23:32:29.92468754"}
    Forwarded URL = null
   Redirected URL = null
          Cookies = []

MockHttpServletRequest:
      HTTP Method = GET
      Request URI = /api/v1/payment-requests/011a3ff8-f3f4-4e27-9097-6b69faec95b0
       Parameters = {}
          Headers = []
             Body = null
    Session Attrs = {SPRING_SECURITY_CONTEXT=SecurityContextImpl [Authentication=UsernamePasswordAuthenticationToken [Principal=org.springframework.security.core.userdetails.User [Username=3da1bd8c-d04b-4eee-b8ab-c7a8c1142599, Password=[PROTECTED], Enabled=true, AccountNonExpired=true, CredentialsNonExpired=true, AccountNonLocked=true, Granted Authorities=[ROLE_USER]], Credentials=[PROTECTED], Authenticated=true, Details=null, Granted Authorities=[ROLE_USER]]]}

Handler:
             Type = com.p2pfinance.payment.api.PaymentRequestController
           Method = com.p2pfinance.payment.api.PaymentRequestController#getPaymentRequestById(UUID)

Async:
    Async started = false
     Async result = null

Resolved Exception:
             Type = java.lang.IllegalArgumentException

ModelAndView:
        View name = null
             View = null
            Model = null

FlashMap:
       Attributes = null

MockHttpServletResponse:
           Status = 400
    Error message = null
          Headers = [Vary:"Origin", "Access-Control-Request-Method", "Access-Control-Request-Headers", Content-Type:"application/json", X-Content-Type-Options:"nosniff", X-XSS-Protection:"0", Cache-Control:"no-cache, no-store, max-age=0, must-revalidate", Pragma:"no-cache", Expires:"0", X-Frame-Options:"DENY"]
     Content type = application/json
             Body = {"timestamp":"2025-03-19T23:32:30.695847918","status":400,"error":"Bad Request","message":"Name for argument of type [java.util.UUID] not specified, and parameter name information not found in class file either."}
    Forwarded URL = null
   Redirected URL = null
          Cookies = []
23:32:30.803 [main] DEBUG org.hibernate.SQL -
    select
        pr1_0.id,
        pr1_0.amount,
        pr1_0.created_at,
        pr1_0.created_by,
        pr1_0.currency,
        pr1_0.description,
        pr1_0.expiry_date,
        pr1_0.recipient_id,
        pr1_0.reference_number,
        pr1_0.requestor_id,
        pr1_0.status,
        pr1_0.transaction_id,
        pr1_0.updated_at,
        pr1_0.updated_by,
        pr1_0.version
    from
        payment_requests pr1_0
23:32:30.890 [main] DEBUG org.hibernate.SQL -
    delete
    from
        payment_requests
    where
        id=?
        and version=?
23:32:30.926 [main] INFO  c.p.p.api.PaymentRequestController - Create payment request received
23:32:30.927 [main] INFO  c.p.p.service.PaymentRequestService - Creating payment request from user 3da1bd8c-d04b-4eee-b8ab-c7a8c1142599 to user ed3026aa-dc37-4d6d-9a3a-c62ce1cc9f05
23:32:30.935 [main] DEBUG org.hibernate.SQL -
    insert
    into
        payment_requests
        (amount, created_at, created_by, currency, description, expiry_date, recipient_id, reference_number, requestor_id, status, transaction_id, updated_at, updated_by, version, id)
    values
        (?, ?, ?, ?, ?, ?, ?, ?, ?, ?, ?, ?, ?, ?, ?)
23:32:31.002 [main] ERROR c.p.p.api.GlobalExceptionHandler - Illegal argument
java.lang.IllegalArgumentException: Name for argument of type [java.util.UUID] not specified, and parameter name information not found in class file either.
        at org.springframework.web.method.annotation.AbstractNamedValueMethodArgumentResolver.updateNamedValueInfo(AbstractNamedValueMethodArgumentResolver.java:183) ~[spring-web-6.1.1.jar:6.1.1]
        at org.springframework.web.method.annotation.AbstractNamedValueMethodArgumentResolver.getNamedValueInfo(AbstractNamedValueMethodArgumentResolver.java:160) ~[spring-web-6.1.1.jar:6.1.1]
        at org.springframework.web.method.annotation.AbstractNamedValueMethodArgumentResolver.resolveArgument(AbstractNamedValueMethodArgumentResolver.java:106) ~[spring-web-6.1.1.jar:6.1.1]
        at org.springframework.web.method.support.HandlerMethodArgumentResolverComposite.resolveArgument(HandlerMethodArgumentResolverComposite.java:122) ~[spring-web-6.1.1.jar:6.1.1]
        at org.springframework.web.method.support.InvocableHandlerMethod.getMethodArgumentValues(InvocableHandlerMethod.java:218) ~[spring-web-6.1.1.jar:6.1.1]
        at org.springframework.web.method.support.InvocableHandlerMethod.invokeForRequest(InvocableHandlerMethod.java:171) ~[spring-web-6.1.1.jar:6.1.1]
        at org.springframework.web.servlet.mvc.method.annotation.ServletInvocableHandlerMethod.invokeAndHandle(ServletInvocableHandlerMethod.java:118) ~[spring-webmvc-6.1.1.jar:6.1.1]
        at org.springframework.web.servlet.mvc.method.annotation.RequestMappingHandlerAdapter.invokeHandlerMethod(RequestMappingHandlerAdapter.java:917) ~[spring-webmvc-6.1.1.jar:6.1.1]
        at org.springframework.web.servlet.mvc.method.annotation.RequestMappingHandlerAdapter.handleInternal(RequestMappingHandlerAdapter.java:829) ~[spring-webmvc-6.1.1.jar:6.1.1]
        at org.springframework.web.servlet.mvc.method.AbstractHandlerMethodAdapter.handle(AbstractHandlerMethodAdapter.java:87) ~[spring-webmvc-6.1.1.jar:6.1.1]
        at org.springframework.web.servlet.DispatcherServlet.doDispatch(DispatcherServlet.java:1089) ~[spring-webmvc-6.1.1.jar:6.1.1]
        at org.springframework.web.servlet.DispatcherServlet.doService(DispatcherServlet.java:979) ~[spring-webmvc-6.1.1.jar:6.1.1]
        at org.springframework.web.servlet.FrameworkServlet.processRequest(FrameworkServlet.java:1014) ~[spring-webmvc-6.1.1.jar:6.1.1]
        at org.springframework.web.servlet.FrameworkServlet.doPost(FrameworkServlet.java:914) ~[spring-webmvc-6.1.1.jar:6.1.1]
        at jakarta.servlet.http.HttpServlet.service(HttpServlet.java:590) ~[tomcat-embed-core-10.1.16.jar:6.0]
        at org.springframework.web.servlet.FrameworkServlet.service(FrameworkServlet.java:885) ~[spring-webmvc-6.1.1.jar:6.1.1]
        at org.springframework.test.web.servlet.TestDispatcherServlet.service(TestDispatcherServlet.java:72) ~[spring-test-6.1.1.jar:6.1.1]
        at jakarta.servlet.http.HttpServlet.service(HttpServlet.java:658) ~[tomcat-embed-core-10.1.16.jar:6.0]
        at org.springframework.mock.web.MockFilterChain$ServletFilterProxy.doFilter(MockFilterChain.java:165) ~[spring-test-6.1.1.jar:6.1.1]
        at org.springframework.mock.web.MockFilterChain.doFilter(MockFilterChain.java:132) ~[spring-test-6.1.1.jar:6.1.1]
        at org.springframework.security.web.FilterChainProxy.lambda$doFilterInternal$3(FilterChainProxy.java:231) ~[spring-security-web-6.2.0.jar:6.2.0]
        at org.springframework.security.web.ObservationFilterChainDecorator$FilterObservation$SimpleFilterObservation.lambda$wrap$1(ObservationFilterChainDecorator.java:479) ~[spring-security-web-6.2.0.jar:6.2.0]
        at org.springframework.security.web.ObservationFilterChainDecorator$AroundFilterObservation$SimpleAroundFilterObservation.lambda$wrap$1(ObservationFilterChainDecorator.java:340) ~[spring-security-web-6.2.0.jar:6.2.0]
        at org.springframework.security.web.ObservationFilterChainDecorator.lambda$wrapSecured$0(ObservationFilterChainDecorator.java:82) ~[spring-security-web-6.2.0.jar:6.2.0]
        at org.springframework.security.web.ObservationFilterChainDecorator$VirtualFilterChain.doFilter(ObservationFilterChainDecorator.java:128) ~[spring-security-web-6.2.0.jar:6.2.0]
        at org.springframework.security.web.access.intercept.AuthorizationFilter.doFilter(AuthorizationFilter.java:100) ~[spring-security-web-6.2.0.jar:6.2.0]
        at org.springframework.security.web.ObservationFilterChainDecorator$ObservationFilter.wrapFilter(ObservationFilterChainDecorator.java:240) ~[spring-security-web-6.2.0.jar:6.2.0]
        at org.springframework.security.web.ObservationFilterChainDecorator$ObservationFilter.doFilter(ObservationFilterChainDecorator.java:227) ~[spring-security-web-6.2.0.jar:6.2.0]
        at org.springframework.security.web.ObservationFilterChainDecorator$VirtualFilterChain.doFilter(ObservationFilterChainDecorator.java:137) ~[spring-security-web-6.2.0.jar:6.2.0]
        at org.springframework.security.web.access.ExceptionTranslationFilter.doFilter(ExceptionTranslationFilter.java:126) ~[spring-security-web-6.2.0.jar:6.2.0]
        at org.springframework.security.web.access.ExceptionTranslationFilter.doFilter(ExceptionTranslationFilter.java:120) ~[spring-security-web-6.2.0.jar:6.2.0]
        at org.springframework.security.web.ObservationFilterChainDecorator$ObservationFilter.wrapFilter(ObservationFilterChainDecorator.java:240) ~[spring-security-web-6.2.0.jar:6.2.0]
        at org.springframework.security.web.ObservationFilterChainDecorator$ObservationFilter.doFilter(ObservationFilterChainDecorator.java:227) ~[spring-security-web-6.2.0.jar:6.2.0]
        at org.springframework.security.web.ObservationFilterChainDecorator$VirtualFilterChain.doFilter(ObservationFilterChainDecorator.java:137) ~[spring-security-web-6.2.0.jar:6.2.0]
        at org.springframework.security.web.authentication.AnonymousAuthenticationFilter.doFilter(AnonymousAuthenticationFilter.java:100) ~[spring-security-web-6.2.0.jar:6.2.0]
        at org.springframework.security.web.ObservationFilterChainDecorator$ObservationFilter.wrapFilter(ObservationFilterChainDecorator.java:240) ~[spring-security-web-6.2.0.jar:6.2.0]
        at org.springframework.security.web.ObservationFilterChainDecorator$ObservationFilter.doFilter(ObservationFilterChainDecorator.java:227) ~[spring-security-web-6.2.0.jar:6.2.0]
        at org.springframework.security.web.ObservationFilterChainDecorator$VirtualFilterChain.doFilter(ObservationFilterChainDecorator.java:137) ~[spring-security-web-6.2.0.jar:6.2.0]
        at org.springframework.security.web.servletapi.SecurityContextHolderAwareRequestFilter.doFilter(SecurityContextHolderAwareRequestFilter.java:179) ~[spring-security-web-6.2.0.jar:6.2.0]
        at org.springframework.security.web.ObservationFilterChainDecorator$ObservationFilter.wrapFilter(ObservationFilterChainDecorator.java:240) ~[spring-security-web-6.2.0.jar:6.2.0]
        at org.springframework.security.web.ObservationFilterChainDecorator$ObservationFilter.doFilter(ObservationFilterChainDecorator.java:227) ~[spring-security-web-6.2.0.jar:6.2.0]
        at org.springframework.security.web.ObservationFilterChainDecorator$VirtualFilterChain.doFilter(ObservationFilterChainDecorator.java:137) ~[spring-security-web-6.2.0.jar:6.2.0]
        at org.springframework.security.web.savedrequest.RequestCacheAwareFilter.doFilter(RequestCacheAwareFilter.java:63) ~[spring-security-web-6.2.0.jar:6.2.0]
        at org.springframework.security.web.ObservationFilterChainDecorator$ObservationFilter.wrapFilter(ObservationFilterChainDecorator.java:240) ~[spring-security-web-6.2.0.jar:6.2.0]
        at org.springframework.security.web.ObservationFilterChainDecorator$ObservationFilter.doFilter(ObservationFilterChainDecorator.java:227) ~[spring-security-web-6.2.0.jar:6.2.0]
        at org.springframework.security.web.ObservationFilterChainDecorator$VirtualFilterChain.doFilter(ObservationFilterChainDecorator.java:137) ~[spring-security-web-6.2.0.jar:6.2.0]
        at org.springframework.security.web.authentication.logout.LogoutFilter.doFilter(LogoutFilter.java:107) ~[spring-security-web-6.2.0.jar:6.2.0]
        at org.springframework.security.web.authentication.logout.LogoutFilter.doFilter(LogoutFilter.java:93) ~[spring-security-web-6.2.0.jar:6.2.0]
        at org.springframework.security.web.ObservationFilterChainDecorator$ObservationFilter.wrapFilter(ObservationFilterChainDecorator.java:240) ~[spring-security-web-6.2.0.jar:6.2.0]
        at org.springframework.security.web.ObservationFilterChainDecorator$ObservationFilter.doFilter(ObservationFilterChainDecorator.java:227) ~[spring-security-web-6.2.0.jar:6.2.0]
        at org.springframework.security.web.ObservationFilterChainDecorator$VirtualFilterChain.doFilter(ObservationFilterChainDecorator.java:137) ~[spring-security-web-6.2.0.jar:6.2.0]
        at org.springframework.web.filter.CorsFilter.doFilterInternal(CorsFilter.java:91) ~[spring-web-6.1.1.jar:6.1.1]
        at org.springframework.web.filter.OncePerRequestFilter.doFilter(OncePerRequestFilter.java:116) ~[spring-web-6.1.1.jar:6.1.1]
        at org.springframework.security.web.ObservationFilterChainDecorator$ObservationFilter.wrapFilter(ObservationFilterChainDecorator.java:240) ~[spring-security-web-6.2.0.jar:6.2.0]
        at org.springframework.security.web.ObservationFilterChainDecorator$ObservationFilter.doFilter(ObservationFilterChainDecorator.java:227) ~[spring-security-web-6.2.0.jar:6.2.0]
        at org.springframework.security.web.ObservationFilterChainDecorator$VirtualFilterChain.doFilter(ObservationFilterChainDecorator.java:137) ~[spring-security-web-6.2.0.jar:6.2.0]
        at org.springframework.security.web.header.HeaderWriterFilter.doHeadersAfter(HeaderWriterFilter.java:90) ~[spring-security-web-6.2.0.jar:6.2.0]
        at org.springframework.security.web.header.HeaderWriterFilter.doFilterInternal(HeaderWriterFilter.java:75) ~[spring-security-web-6.2.0.jar:6.2.0]
        at org.springframework.web.filter.OncePerRequestFilter.doFilter(OncePerRequestFilter.java:116) ~[spring-web-6.1.1.jar:6.1.1]
        at org.springframework.security.web.ObservationFilterChainDecorator$ObservationFilter.wrapFilter(ObservationFilterChainDecorator.java:240) ~[spring-security-web-6.2.0.jar:6.2.0]
        at org.springframework.security.web.ObservationFilterChainDecorator$ObservationFilter.doFilter(ObservationFilterChainDecorator.java:227) ~[spring-security-web-6.2.0.jar:6.2.0]
        at org.springframework.security.web.ObservationFilterChainDecorator$VirtualFilterChain.doFilter(ObservationFilterChainDecorator.java:137) ~[spring-security-web-6.2.0.jar:6.2.0]
        at org.springframework.security.web.context.SecurityContextHolderFilter.doFilter(SecurityContextHolderFilter.java:82) ~[spring-security-web-6.2.0.jar:6.2.0]
        at org.springframework.security.web.context.SecurityContextHolderFilter.doFilter(SecurityContextHolderFilter.java:69) ~[spring-security-web-6.2.0.jar:6.2.0]
        at org.springframework.security.web.ObservationFilterChainDecorator$ObservationFilter.wrapFilter(ObservationFilterChainDecorator.java:240) ~[spring-security-web-6.2.0.jar:6.2.0]
        at org.springframework.security.web.ObservationFilterChainDecorator$ObservationFilter.doFilter(ObservationFilterChainDecorator.java:227) ~[spring-security-web-6.2.0.jar:6.2.0]
        at org.springframework.security.web.ObservationFilterChainDecorator$VirtualFilterChain.doFilter(ObservationFilterChainDecorator.java:137) ~[spring-security-web-6.2.0.jar:6.2.0]
        at org.springframework.security.web.context.request.async.WebAsyncManagerIntegrationFilter.doFilterInternal(WebAsyncManagerIntegrationFilter.java:62) ~[spring-security-web-6.2.0.jar:6.2.0]
        at org.springframework.web.filter.OncePerRequestFilter.doFilter(OncePerRequestFilter.java:116) ~[spring-web-6.1.1.jar:6.1.1]
        at org.springframework.security.web.ObservationFilterChainDecorator$ObservationFilter.wrapFilter(ObservationFilterChainDecorator.java:240) ~[spring-security-web-6.2.0.jar:6.2.0]
        at org.springframework.security.web.ObservationFilterChainDecorator$ObservationFilter.doFilter(ObservationFilterChainDecorator.java:227) ~[spring-security-web-6.2.0.jar:6.2.0]
        at org.springframework.security.web.ObservationFilterChainDecorator$VirtualFilterChain.doFilter(ObservationFilterChainDecorator.java:137) ~[spring-security-web-6.2.0.jar:6.2.0]
        at org.springframework.security.web.session.DisableEncodeUrlFilter.doFilterInternal(DisableEncodeUrlFilter.java:42) ~[spring-security-web-6.2.0.jar:6.2.0]
        at org.springframework.web.filter.OncePerRequestFilter.doFilter(OncePerRequestFilter.java:116) ~[spring-web-6.1.1.jar:6.1.1]
        at org.springframework.security.web.ObservationFilterChainDecorator$ObservationFilter.wrapFilter(ObservationFilterChainDecorator.java:240) ~[spring-security-web-6.2.0.jar:6.2.0]
        at org.springframework.security.web.ObservationFilterChainDecorator$AroundFilterObservation$SimpleAroundFilterObservation.lambda$wrap$0(ObservationFilterChainDecorator.java:323) ~[spring-security-web-6.2.0.jar:6.2.0]
        at org.springframework.security.web.ObservationFilterChainDecorator$ObservationFilter.doFilter(ObservationFilterChainDecorator.java:224) ~[spring-security-web-6.2.0.jar:6.2.0]
        at org.springframework.security.web.ObservationFilterChainDecorator$VirtualFilterChain.doFilter(ObservationFilterChainDecorator.java:137) ~[spring-security-web-6.2.0.jar:6.2.0]
        at org.springframework.security.web.FilterChainProxy.doFilterInternal(FilterChainProxy.java:233) ~[spring-security-web-6.2.0.jar:6.2.0]
        at org.springframework.security.web.FilterChainProxy.doFilter(FilterChainProxy.java:191) ~[spring-security-web-6.2.0.jar:6.2.0]
        at org.springframework.web.filter.DelegatingFilterProxy.invokeDelegate(DelegatingFilterProxy.java:352) ~[spring-web-6.1.1.jar:6.1.1]
        at org.springframework.web.filter.DelegatingFilterProxy.doFilter(DelegatingFilterProxy.java:268) ~[spring-web-6.1.1.jar:6.1.1]
        at org.springframework.test.web.servlet.setup.MockMvcFilterDecorator.doFilter(MockMvcFilterDecorator.java:151) ~[spring-test-6.1.1.jar:6.1.1]
        at org.springframework.mock.web.MockFilterChain.doFilter(MockFilterChain.java:132) ~[spring-test-6.1.1.jar:6.1.1]
        at org.springframework.web.filter.RequestContextFilter.doFilterInternal(RequestContextFilter.java:100) ~[spring-web-6.1.1.jar:6.1.1]
        at org.springframework.web.filter.OncePerRequestFilter.doFilter(OncePerRequestFilter.java:116) ~[spring-web-6.1.1.jar:6.1.1]
        at org.springframework.test.web.servlet.setup.MockMvcFilterDecorator.doFilter(MockMvcFilterDecorator.java:151) ~[spring-test-6.1.1.jar:6.1.1]
        at org.springframework.mock.web.MockFilterChain.doFilter(MockFilterChain.java:132) ~[spring-test-6.1.1.jar:6.1.1]
        at org.springframework.web.filter.FormContentFilter.doFilterInternal(FormContentFilter.java:93) ~[spring-web-6.1.1.jar:6.1.1]
        at org.springframework.web.filter.OncePerRequestFilter.doFilter(OncePerRequestFilter.java:116) ~[spring-web-6.1.1.jar:6.1.1]
        at org.springframework.test.web.servlet.setup.MockMvcFilterDecorator.doFilter(MockMvcFilterDecorator.java:151) ~[spring-test-6.1.1.jar:6.1.1]
        at org.springframework.mock.web.MockFilterChain.doFilter(MockFilterChain.java:132) ~[spring-test-6.1.1.jar:6.1.1]
        at org.springframework.web.filter.ServerHttpObservationFilter.doFilterInternal(ServerHttpObservationFilter.java:109) ~[spring-web-6.1.1.jar:6.1.1]
        at org.springframework.web.filter.OncePerRequestFilter.doFilter(OncePerRequestFilter.java:116) ~[spring-web-6.1.1.jar:6.1.1]
        at org.springframework.test.web.servlet.setup.MockMvcFilterDecorator.doFilter(MockMvcFilterDecorator.java:151) ~[spring-test-6.1.1.jar:6.1.1]
        at org.springframework.mock.web.MockFilterChain.doFilter(MockFilterChain.java:132) ~[spring-test-6.1.1.jar:6.1.1]
        at org.springframework.web.filter.CharacterEncodingFilter.doFilterInternal(CharacterEncodingFilter.java:201) ~[spring-web-6.1.1.jar:6.1.1]
        at org.springframework.web.filter.OncePerRequestFilter.doFilter(OncePerRequestFilter.java:116) ~[spring-web-6.1.1.jar:6.1.1]
        at org.springframework.test.web.servlet.setup.MockMvcFilterDecorator.doFilter(MockMvcFilterDecorator.java:151) ~[spring-test-6.1.1.jar:6.1.1]
        at org.springframework.mock.web.MockFilterChain.doFilter(MockFilterChain.java:132) ~[spring-test-6.1.1.jar:6.1.1]
        at org.springframework.test.web.servlet.MockMvc.perform(MockMvc.java:201) ~[spring-test-6.1.1.jar:6.1.1]
        at com.p2pfinance.payment.PaymentServiceE2ETest.testPaymentRequestCreationAndRejection(PaymentServiceE2ETest.java:206) ~[test-classes/:na]
        at java.base/jdk.internal.reflect.NativeMethodAccessorImpl.invoke0(Native Method) ~[na:na]
        at java.base/jdk.internal.reflect.NativeMethodAccessorImpl.invoke(NativeMethodAccessorImpl.java:77) ~[na:na]
        at java.base/jdk.internal.reflect.DelegatingMethodAccessorImpl.invoke(DelegatingMethodAccessorImpl.java:43) ~[na:na]
        at java.base/java.lang.reflect.Method.invoke(Method.java:569) ~[na:na]
        at org.junit.platform.commons.util.ReflectionUtils.invokeMethod(ReflectionUtils.java:728) ~[junit-platform-commons-1.10.1.jar:1.10.1]
        at org.junit.jupiter.engine.execution.MethodInvocation.proceed(MethodInvocation.java:60) ~[junit-jupiter-engine-5.10.1.jar:5.10.1]
        at org.junit.jupiter.engine.execution.InvocationInterceptorChain$ValidatingInvocation.proceed(InvocationInterceptorChain.java:131) ~[junit-jupiter-engine-5.10.1.jar:5.10.1]
        at org.junit.jupiter.engine.extension.TimeoutExtension.intercept(TimeoutExtension.java:156) ~[junit-jupiter-engine-5.10.1.jar:5.10.1]
        at org.junit.jupiter.engine.extension.TimeoutExtension.interceptTestableMethod(TimeoutExtension.java:147) ~[junit-jupiter-engine-5.10.1.jar:5.10.1]
        at org.junit.jupiter.engine.extension.TimeoutExtension.interceptTestMethod(TimeoutExtension.java:86) ~[junit-jupiter-engine-5.10.1.jar:5.10.1]
        at org.junit.jupiter.engine.execution.InterceptingExecutableInvoker$ReflectiveInterceptorCall.lambda$ofVoidMethod$0(InterceptingExecutableInvoker.java:103) ~[junit-jupiter-engine-5.10.1.jar:5.10.1]
        at org.junit.jupiter.engine.execution.InterceptingExecutableInvoker.lambda$invoke$0(InterceptingExecutableInvoker.java:93) ~[junit-jupiter-engine-5.10.1.jar:5.10.1]
        at org.junit.jupiter.engine.execution.InvocationInterceptorChain$InterceptedInvocation.proceed(InvocationInterceptorChain.java:106) ~[junit-jupiter-engine-5.10.1.jar:5.10.1]
        at org.junit.jupiter.engine.execution.InvocationInterceptorChain.proceed(InvocationInterceptorChain.java:64) ~[junit-jupiter-engine-5.10.1.jar:5.10.1]
        at org.junit.jupiter.engine.execution.InvocationInterceptorChain.chainAndInvoke(InvocationInterceptorChain.java:45) ~[junit-jupiter-engine-5.10.1.jar:5.10.1]
        at org.junit.jupiter.engine.execution.InvocationInterceptorChain.invoke(InvocationInterceptorChain.java:37) ~[junit-jupiter-engine-5.10.1.jar:5.10.1]
        at org.junit.jupiter.engine.execution.InterceptingExecutableInvoker.invoke(InterceptingExecutableInvoker.java:92) ~[junit-jupiter-engine-5.10.1.jar:5.10.1]
        at org.junit.jupiter.engine.execution.InterceptingExecutableInvoker.invoke(InterceptingExecutableInvoker.java:86) ~[junit-jupiter-engine-5.10.1.jar:5.10.1]
        at org.junit.jupiter.engine.descriptor.TestMethodTestDescriptor.lambda$invokeTestMethod$7(TestMethodTestDescriptor.java:218) ~[junit-jupiter-engine-5.10.1.jar:5.10.1]
        at org.junit.platform.engine.support.hierarchical.ThrowableCollector.execute(ThrowableCollector.java:73) ~[junit-platform-engine-1.10.1.jar:1.10.1]
        at org.junit.jupiter.engine.descriptor.TestMethodTestDescriptor.invokeTestMethod(TestMethodTestDescriptor.java:214) ~[junit-jupiter-engine-5.10.1.jar:5.10.1]
        at org.junit.jupiter.engine.descriptor.TestMethodTestDescriptor.execute(TestMethodTestDescriptor.java:139) ~[junit-jupiter-engine-5.10.1.jar:5.10.1]
        at org.junit.jupiter.engine.descriptor.TestMethodTestDescriptor.execute(TestMethodTestDescriptor.java:69) ~[junit-jupiter-engine-5.10.1.jar:5.10.1]
        at org.junit.platform.engine.support.hierarchical.NodeTestTask.lambda$executeRecursively$6(NodeTestTask.java:151) ~[junit-platform-engine-1.10.1.jar:1.10.1]
        at org.junit.platform.engine.support.hierarchical.ThrowableCollector.execute(ThrowableCollector.java:73) ~[junit-platform-engine-1.10.1.jar:1.10.1]
        at org.junit.platform.engine.support.hierarchical.NodeTestTask.lambda$executeRecursively$8(NodeTestTask.java:141) ~[junit-platform-engine-1.10.1.jar:1.10.1]
        at org.junit.platform.engine.support.hierarchical.Node.around(Node.java:137) ~[junit-platform-engine-1.10.1.jar:1.10.1]
        at org.junit.platform.engine.support.hierarchical.NodeTestTask.lambda$executeRecursively$9(NodeTestTask.java:139) ~[junit-platform-engine-1.10.1.jar:1.10.1]
        at org.junit.platform.engine.support.hierarchical.ThrowableCollector.execute(ThrowableCollector.java:73) ~[junit-platform-engine-1.10.1.jar:1.10.1]
        at org.junit.platform.engine.support.hierarchical.NodeTestTask.executeRecursively(NodeTestTask.java:138) ~[junit-platform-engine-1.10.1.jar:1.10.1]
        at org.junit.platform.engine.support.hierarchical.NodeTestTask.execute(NodeTestTask.java:95) ~[junit-platform-engine-1.10.1.jar:1.10.1]
        at java.base/java.util.ArrayList.forEach(ArrayList.java:1511) ~[na:na]
        at org.junit.platform.engine.support.hierarchical.SameThreadHierarchicalTestExecutorService.invokeAll(SameThreadHierarchicalTestExecutorService.java:41) ~[junit-platform-engine-1.10.1.jar:1.10.1]
        at org.junit.platform.engine.support.hierarchical.NodeTestTask.lambda$executeRecursively$6(NodeTestTask.java:155) ~[junit-platform-engine-1.10.1.jar:1.10.1]
        at org.junit.platform.engine.support.hierarchical.ThrowableCollector.execute(ThrowableCollector.java:73) ~[junit-platform-engine-1.10.1.jar:1.10.1]
        at org.junit.platform.engine.support.hierarchical.NodeTestTask.lambda$executeRecursively$8(NodeTestTask.java:141) ~[junit-platform-engine-1.10.1.jar:1.10.1]
        at org.junit.platform.engine.support.hierarchical.Node.around(Node.java:137) ~[junit-platform-engine-1.10.1.jar:1.10.1]
        at org.junit.platform.engine.support.hierarchical.NodeTestTask.lambda$executeRecursively$9(NodeTestTask.java:139) ~[junit-platform-engine-1.10.1.jar:1.10.1]
        at org.junit.platform.engine.support.hierarchical.ThrowableCollector.execute(ThrowableCollector.java:73) ~[junit-platform-engine-1.10.1.jar:1.10.1]
        at org.junit.platform.engine.support.hierarchical.NodeTestTask.executeRecursively(NodeTestTask.java:138) ~[junit-platform-engine-1.10.1.jar:1.10.1]
        at org.junit.platform.engine.support.hierarchical.NodeTestTask.execute(NodeTestTask.java:95) ~[junit-platform-engine-1.10.1.jar:1.10.1]
        at java.base/java.util.ArrayList.forEach(ArrayList.java:1511) ~[na:na]
        at org.junit.platform.engine.support.hierarchical.SameThreadHierarchicalTestExecutorService.invokeAll(SameThreadHierarchicalTestExecutorService.java:41) ~[junit-platform-engine-1.10.1.jar:1.10.1]
        at org.junit.platform.engine.support.hierarchical.NodeTestTask.lambda$executeRecursively$6(NodeTestTask.java:155) ~[junit-platform-engine-1.10.1.jar:1.10.1]
        at org.junit.platform.engine.support.hierarchical.ThrowableCollector.execute(ThrowableCollector.java:73) ~[junit-platform-engine-1.10.1.jar:1.10.1]
        at org.junit.platform.engine.support.hierarchical.NodeTestTask.lambda$executeRecursively$8(NodeTestTask.java:141) ~[junit-platform-engine-1.10.1.jar:1.10.1]
        at org.junit.platform.engine.support.hierarchical.Node.around(Node.java:137) ~[junit-platform-engine-1.10.1.jar:1.10.1]
        at org.junit.platform.engine.support.hierarchical.NodeTestTask.lambda$executeRecursively$9(NodeTestTask.java:139) ~[junit-platform-engine-1.10.1.jar:1.10.1]
        at org.junit.platform.engine.support.hierarchical.ThrowableCollector.execute(ThrowableCollector.java:73) ~[junit-platform-engine-1.10.1.jar:1.10.1]
        at org.junit.platform.engine.support.hierarchical.NodeTestTask.executeRecursively(NodeTestTask.java:138) ~[junit-platform-engine-1.10.1.jar:1.10.1]
        at org.junit.platform.engine.support.hierarchical.NodeTestTask.execute(NodeTestTask.java:95) ~[junit-platform-engine-1.10.1.jar:1.10.1]
        at org.junit.platform.engine.support.hierarchical.SameThreadHierarchicalTestExecutorService.submit(SameThreadHierarchicalTestExecutorService.java:35) ~[junit-platform-engine-1.10.1.jar:1.10.1]
        at org.junit.platform.engine.support.hierarchical.HierarchicalTestExecutor.execute(HierarchicalTestExecutor.java:57) ~[junit-platform-engine-1.10.1.jar:1.10.1]
        at org.junit.platform.engine.support.hierarchical.HierarchicalTestEngine.execute(HierarchicalTestEngine.java:54) ~[junit-platform-engine-1.10.1.jar:1.10.1]
        at org.junit.platform.launcher.core.EngineExecutionOrchestrator.execute(EngineExecutionOrchestrator.java:198) ~[junit-platform-launcher-1.10.1.jar:1.10.1]
        at org.junit.platform.launcher.core.EngineExecutionOrchestrator.execute(EngineExecutionOrchestrator.java:169) ~[junit-platform-launcher-1.10.1.jar:1.10.1]
        at org.junit.platform.launcher.core.EngineExecutionOrchestrator.execute(EngineExecutionOrchestrator.java:93) ~[junit-platform-launcher-1.10.1.jar:1.10.1]
        at org.junit.platform.launcher.core.EngineExecutionOrchestrator.lambda$execute$0(EngineExecutionOrchestrator.java:58) ~[junit-platform-launcher-1.10.1.jar:1.10.1]
        at org.junit.platform.launcher.core.EngineExecutionOrchestrator.withInterceptedStreams(EngineExecutionOrchestrator.java:141) ~[junit-platform-launcher-1.10.1.jar:1.10.1]
        at org.junit.platform.launcher.core.EngineExecutionOrchestrator.execute(EngineExecutionOrchestrator.java:57) ~[junit-platform-launcher-1.10.1.jar:1.10.1]
        at org.junit.platform.launcher.core.DefaultLauncher.execute(DefaultLauncher.java:103) ~[junit-platform-launcher-1.10.1.jar:1.10.1]
        at org.junit.platform.launcher.core.DefaultLauncher.execute(DefaultLauncher.java:85) ~[junit-platform-launcher-1.10.1.jar:1.10.1]
        at org.junit.platform.launcher.core.DelegatingLauncher.execute(DelegatingLauncher.java:47) ~[junit-platform-launcher-1.10.1.jar:1.10.1]
        at org.apache.maven.surefire.junitplatform.LazyLauncher.execute(LazyLauncher.java:56) ~[surefire-junit-platform-3.1.2.jar:3.1.2]
        at org.apache.maven.surefire.junitplatform.JUnitPlatformProvider.execute(JUnitPlatformProvider.java:184) ~[surefire-junit-platform-3.1.2.jar:3.1.2]
        at org.apache.maven.surefire.junitplatform.JUnitPlatformProvider.invokeAllTests(JUnitPlatformProvider.java:148) ~[surefire-junit-platform-3.1.2.jar:3.1.2]
        at org.apache.maven.surefire.junitplatform.JUnitPlatformProvider.invoke(JUnitPlatformProvider.java:122) ~[surefire-junit-platform-3.1.2.jar:3.1.2]
        at org.apache.maven.surefire.booter.ForkedBooter.runSuitesInProcess(ForkedBooter.java:385) ~[surefire-booter-3.1.2.jar:3.1.2]
        at org.apache.maven.surefire.booter.ForkedBooter.execute(ForkedBooter.java:162) ~[surefire-booter-3.1.2.jar:3.1.2]
        at org.apache.maven.surefire.booter.ForkedBooter.run(ForkedBooter.java:507) ~[surefire-booter-3.1.2.jar:3.1.2]
        at org.apache.maven.surefire.booter.ForkedBooter.main(ForkedBooter.java:495) ~[surefire-booter-3.1.2.jar:3.1.2]

MockHttpServletRequest:
      HTTP Method = POST
      Request URI = /api/v1/payment-requests
       Parameters = {}
          Headers = [Content-Type:"application/json;charset=UTF-8", Content-Length:"141"]
             Body = {"recipientId":"ed3026aa-dc37-4d6d-9a3a-c62ce1cc9f05","amount":100.00,"currency":"USD","description":"Test payment request","expiryHours":48}
    Session Attrs = {SPRING_SECURITY_CONTEXT=SecurityContextImpl [Authentication=UsernamePasswordAuthenticationToken [Principal=org.springframework.security.core.userdetails.User [Username=3da1bd8c-d04b-4eee-b8ab-c7a8c1142599, Password=[PROTECTED], Enabled=true, AccountNonExpired=true, CredentialsNonExpired=true, AccountNonLocked=true, Granted Authorities=[ROLE_USER]], Credentials=[PROTECTED], Authenticated=true, Details=null, Granted Authorities=[ROLE_USER]]]}

Handler:
             Type = com.p2pfinance.payment.api.PaymentRequestController
           Method = com.p2pfinance.payment.api.PaymentRequestController#createPaymentRequest(UserDetails, CreatePaymentRequestRequest)

Async:
    Async started = false
     Async result = null

Resolved Exception:
             Type = null

ModelAndView:
        View name = null
             View = null
            Model = null

FlashMap:
       Attributes = null

MockHttpServletResponse:
           Status = 200
    Error message = null
          Headers = [Vary:"Origin", "Access-Control-Request-Method", "Access-Control-Request-Headers", Content-Type:"application/json", X-Content-Type-Options:"nosniff", X-XSS-Protection:"0", Cache-Control:"no-cache, no-store, max-age=0, must-revalidate", Pragma:"no-cache", Expires:"0", X-Frame-Options:"DENY"]
     Content type = application/json
             Body = {"id":"86d2c2d9-35ac-43ce-bad8-890839335ff3","requestorId":"3da1bd8c-d04b-4eee-b8ab-c7a8c1142599","recipientId":"ed3026aa-dc37-4d6d-9a3a-c62ce1cc9f05","amount":100.00,"currency":"USD","description":"Test payment request","status":"PENDING","referenceNumber":"PR17424199509274168E7E6","expiryDate":"2025-03-21T23:32:30.92800196","createdAt":"2025-03-19T23:32:30.928011891","updatedAt":"2025-03-19T23:32:30.92801361"}
    Forwarded URL = null
   Redirected URL = null
          Cookies = []

MockHttpServletRequest:
      HTTP Method = POST
      Request URI = /api/v1/payment-requests/86d2c2d9-35ac-43ce-bad8-890839335ff3/reject
       Parameters = {}
          Headers = []
             Body = null
    Session Attrs = {SPRING_SECURITY_CONTEXT=SecurityContextImpl [Authentication=UsernamePasswordAuthenticationToken [Principal=org.springframework.security.core.userdetails.User [Username=3da1bd8c-d04b-4eee-b8ab-c7a8c1142599, Password=[PROTECTED], Enabled=true, AccountNonExpired=true, CredentialsNonExpired=true, AccountNonLocked=true, Granted Authorities=[ROLE_USER]], Credentials=[PROTECTED], Authenticated=true, Details=null, Granted Authorities=[ROLE_USER]]]}

Handler:
             Type = com.p2pfinance.payment.api.PaymentRequestController
           Method = com.p2pfinance.payment.api.PaymentRequestController#rejectPaymentRequest(UserDetails, UUID)

Async:
    Async started = false
     Async result = null

Resolved Exception:
             Type = java.lang.IllegalArgumentException

ModelAndView:
        View name = null
             View = null
            Model = null

FlashMap:
       Attributes = null

MockHttpServletResponse:
           Status = 400
    Error message = null
          Headers = [Vary:"Origin", "Access-Control-Request-Method", "Access-Control-Request-Headers", Content-Type:"application/json", X-Content-Type-Options:"nosniff", X-XSS-Protection:"0", Cache-Control:"no-cache, no-store, max-age=0, must-revalidate", Pragma:"no-cache", Expires:"0", X-Frame-Options:"DENY"]
     Content type = application/json
             Body = {"timestamp":"2025-03-19T23:32:31.008824994","status":400,"error":"Bad Request","message":"Name for argument of type [java.util.UUID] not specified, and parameter name information not found in class file either."}
    Forwarded URL = null
   Redirected URL = null
          Cookies = []
23:32:31.405 [kafka-producer-network-thread | producer-1] WARN  o.apache.kafka.clients.NetworkClient - [Producer clientId=producer-1] Connection to node 1 (localhost/127.0.0.1:32770) could not be established. Broker may not be available.
23:32:32.621 [kafka-producer-network-thread | producer-1] WARN  o.apache.kafka.clients.NetworkClient - [Producer clientId=producer-1] Connection to node 1 (localhost/127.0.0.1:32770) could not be established. Broker may not be available.
23:32:33.573 [kafka-producer-network-thread | producer-1] WARN  o.apache.kafka.clients.NetworkClient - [Producer clientId=producer-1] Connection to node 1 (localhost/127.0.0.1:32770) could not be established. Broker may not be available.
23:32:34.474 [kafka-producer-network-thread | producer-1] WARN  o.apache.kafka.clients.NetworkClient - [Producer clientId=producer-1] Connection to node 1 (localhost/127.0.0.1:32770) could not be established. Broker may not be available.
23:32:34.690 [kafka-producer-network-thread | producer-2] WARN  o.apache.kafka.clients.NetworkClient - [Producer clientId=producer-2] Connection to node 1 (localhost/127.0.0.1:32773) could not be established. Broker may not be available.
[ERROR] Tests run: 2, Failures: 2, Errors: 0, Skipped: 0, Time elapsed: 46.38 s <<< FAILURE! -- in com.p2pfinance.payment.PaymentServiceE2ETest
[ERROR] com.p2pfinance.payment.PaymentServiceE2ETest.testPaymentRequestCreationAndApproval -- Time elapsed: 2.084 s <<< FAILURE!
java.lang.AssertionError: Status expected:<200> but was:<400>
        at org.springframework.test.util.AssertionErrors.fail(AssertionErrors.java:59)
        at org.springframework.test.util.AssertionErrors.assertEquals(AssertionErrors.java:122)
        at org.springframework.test.web.servlet.result.StatusResultMatchers.lambda$matcher$9(StatusResultMatchers.java:637)
        at org.springframework.test.web.servlet.MockMvc$1.andExpect(MockMvc.java:214)
        at com.p2pfinance.payment.PaymentServiceE2ETest.testPaymentRequestCreationAndApproval(PaymentServiceE2ETest.java:173)
        at java.base/java.lang.reflect.Method.invoke(Method.java:569)
        at java.base/java.util.ArrayList.forEach(ArrayList.java:1511)
        at java.base/java.util.ArrayList.forEach(ArrayList.java:1511)

[ERROR] com.p2pfinance.payment.PaymentServiceE2ETest.testPaymentRequestCreationAndRejection -- Time elapsed: 0.237 s <<< FAILURE!
java.lang.AssertionError: Status expected:<200> but was:<400>
        at org.springframework.test.util.AssertionErrors.fail(AssertionErrors.java:59)
        at org.springframework.test.util.AssertionErrors.assertEquals(AssertionErrors.java:122)
        at org.springframework.test.web.servlet.result.StatusResultMatchers.lambda$matcher$9(StatusResultMatchers.java:637)
        at org.springframework.test.web.servlet.MockMvc$1.andExpect(MockMvc.java:214)
        at com.p2pfinance.payment.PaymentServiceE2ETest.testPaymentRequestCreationAndRejection(PaymentServiceE2ETest.java:207)
        at java.base/java.lang.reflect.Method.invoke(Method.java:569)
        at java.base/java.util.ArrayList.forEach(ArrayList.java:1511)
        at java.base/java.util.ArrayList.forEach(ArrayList.java:1511)

23:32:34.946 [kafka-producer-network-thread | producer-2] WARN  o.apache.kafka.clients.NetworkClient - [Producer clientId=producer-2] Connection to node 1 (localhost/127.0.0.1:32773) could not be established. Broker may not be available.
23:32:35.316 [kafka-producer-network-thread | producer-2] WARN  o.apache.kafka.clients.NetworkClient - [Producer clientId=producer-2] Connection to node 1 (localhost/127.0.0.1:32773) could not be established. Broker may not be available.
23:32:35.689 [kafka-producer-network-thread | producer-1] WARN  o.apache.kafka.clients.NetworkClient - [Producer clientId=producer-1] Connection to node 1 (localhost/127.0.0.1:32770) could not be established. Broker may not be available.
23:32:36.094 [kafka-producer-network-thread | producer-2] WARN  o.apache.kafka.clients.NetworkClient - [Producer clientId=producer-2] Connection to node 1 (localhost/127.0.0.1:32773) could not be established. Broker may not be available.
23:32:36.821 [kafka-producer-network-thread | producer-1] WARN  o.apache.kafka.clients.NetworkClient - [Producer clientId=producer-1] Connection to node 1 (localhost/127.0.0.1:32770) could not be established. Broker may not be available.
23:32:36.929 [kafka-producer-network-thread | producer-2] WARN  o.apache.kafka.clients.NetworkClient - [Producer clientId=producer-2] Connection to node 1 (localhost/127.0.0.1:32773) could not be established. Broker may not be available.
23:32:37.927 [kafka-producer-network-thread | producer-1] WARN  o.apache.kafka.clients.NetworkClient - [Producer clientId=producer-1] Connection to node 1 (localhost/127.0.0.1:32770) could not be established. Broker may not be available.
23:32:38.062 [kafka-producer-network-thread | producer-2] WARN  o.apache.kafka.clients.NetworkClient - [Producer clientId=producer-2] Connection to node 1 (localhost/127.0.0.1:32773) could not be established. Broker may not be available.
23:32:38.875 [kafka-producer-network-thread | producer-1] WARN  o.apache.kafka.clients.NetworkClient - [Producer clientId=producer-1] Connection to node 1 (localhost/127.0.0.1:32770) could not be established. Broker may not be available.
23:32:38.984 [kafka-producer-network-thread | producer-2] WARN  o.apache.kafka.clients.NetworkClient - [Producer clientId=producer-2] Connection to node 1 (localhost/127.0.0.1:32773) could not be established. Broker may not be available.
23:32:39.897 [kafka-producer-network-thread | producer-1] WARN  o.apache.kafka.clients.NetworkClient - [Producer clientId=producer-1] Connection to node 1 (localhost/127.0.0.1:32770) could not be established. Broker may not be available.
23:32:40.049 [kafka-producer-network-thread | producer-2] WARN  o.apache.kafka.clients.NetworkClient - [Producer clientId=producer-2] Connection to node 1 (localhost/127.0.0.1:32773) could not be established. Broker may not be available.
23:32:40.803 [kafka-producer-network-thread | producer-1] WARN  o.apache.kafka.clients.NetworkClient - [Producer clientId=producer-1] Connection to node 1 (localhost/127.0.0.1:32770) could not be established. Broker may not be available.
23:32:41.115 [kafka-producer-network-thread | producer-2] WARN  o.apache.kafka.clients.NetworkClient - [Producer clientId=producer-2] Connection to node 1 (localhost/127.0.0.1:32773) could not be established. Broker may not be available.
23:32:41.964 [kafka-producer-network-thread | producer-1] WARN  o.apache.kafka.clients.NetworkClient - [Producer clientId=producer-1] Connection to node 1 (localhost/127.0.0.1:32770) could not be established. Broker may not be available.
23:32:42.274 [kafka-producer-network-thread | producer-2] WARN  o.apache.kafka.clients.NetworkClient - [Producer clientId=producer-2] Connection to node 1 (localhost/127.0.0.1:32773) could not be established. Broker may not be available.
23:32:43.075 [kafka-producer-network-thread | producer-1] WARN  o.apache.kafka.clients.NetworkClient - [Producer clientId=producer-1] Connection to node 1 (localhost/127.0.0.1:32770) could not be established. Broker may not be available.
23:32:43.177 [kafka-producer-network-thread | producer-2] WARN  o.apache.kafka.clients.NetworkClient - [Producer clientId=producer-2] Connection to node 1 (localhost/127.0.0.1:32773) could not be established. Broker may not be available.
23:32:43.990 [kafka-producer-network-thread | producer-1] WARN  o.apache.kafka.clients.NetworkClient - [Producer clientId=producer-1] Connection to node 1 (localhost/127.0.0.1:32770) could not be established. Broker may not be available.
23:32:44.088 [kafka-producer-network-thread | producer-2] WARN  o.apache.kafka.clients.NetworkClient - [Producer clientId=producer-2] Connection to node 1 (localhost/127.0.0.1:32773) could not be established. Broker may not be available.
23:32:44.995 [kafka-producer-network-thread | producer-1] WARN  o.apache.kafka.clients.NetworkClient - [Producer clientId=producer-1] Connection to node 1 (localhost/127.0.0.1:32770) could not be established. Broker may not be available.
23:32:45.146 [kafka-producer-network-thread | producer-2] WARN  o.apache.kafka.clients.NetworkClient - [Producer clientId=producer-2] Connection to node 1 (localhost/127.0.0.1:32773) could not be established. Broker may not be available.
23:32:46.102 [kafka-producer-network-thread | producer-1] WARN  o.apache.kafka.clients.NetworkClient - [Producer clientId=producer-1] Connection to node 1 (localhost/127.0.0.1:32770) could not be established. Broker may not be available.
23:32:46.353 [kafka-producer-network-thread | producer-2] WARN  o.apache.kafka.clients.NetworkClient - [Producer clientId=producer-2] Connection to node 1 (localhost/127.0.0.1:32773) could not be established. Broker may not be available.
23:32:47.158 [kafka-producer-network-thread | producer-1] WARN  o.apache.kafka.clients.NetworkClient - [Producer clientId=producer-1] Connection to node 1 (localhost/127.0.0.1:32770) could not be established. Broker may not be available.
23:32:47.455 [kafka-producer-network-thread | producer-2] WARN  o.apache.kafka.clients.NetworkClient - [Producer clientId=producer-2] Connection to node 1 (localhost/127.0.0.1:32773) could not be established. Broker may not be available.
23:32:48.084 [kafka-producer-network-thread | producer-1] WARN  o.apache.kafka.clients.NetworkClient - [Producer clientId=producer-1] Connection to node 1 (localhost/127.0.0.1:32770) could not be established. Broker may not be available.
23:32:48.332 [kafka-producer-network-thread | producer-2] WARN  o.apache.kafka.clients.NetworkClient - [Producer clientId=producer-2] Connection to node 1 (localhost/127.0.0.1:32773) could not be established. Broker may not be available.
23:32:49.048 [kafka-producer-network-thread | producer-1] WARN  o.apache.kafka.clients.NetworkClient - [Producer clientId=producer-1] Connection to node 1 (localhost/127.0.0.1:32770) could not be established. Broker may not be available.
23:32:49.349 [kafka-producer-network-thread | producer-2] WARN  o.apache.kafka.clients.NetworkClient - [Producer clientId=producer-2] Connection to node 1 (localhost/127.0.0.1:32773) could not be established. Broker may not be available.
23:32:49.989 [kafka-producer-network-thread | producer-1] WARN  o.apache.kafka.clients.NetworkClient - [Producer clientId=producer-1] Connection to node 1 (localhost/127.0.0.1:32770) could not be established. Broker may not be available.
23:32:50.240 [kafka-producer-network-thread | producer-2] WARN  o.apache.kafka.clients.NetworkClient - [Producer clientId=producer-2] Connection to node 1 (localhost/127.0.0.1:32773) could not be established. Broker may not be available.
23:32:51.048 [kafka-producer-network-thread | producer-1] WARN  o.apache.kafka.clients.NetworkClient - [Producer clientId=producer-1] Connection to node 1 (localhost/127.0.0.1:32770) could not be established. Broker may not be available.
23:32:51.419 [kafka-producer-network-thread | producer-2] WARN  o.apache.kafka.clients.NetworkClient - [Producer clientId=producer-2] Connection to node 1 (localhost/127.0.0.1:32773) could not be established. Broker may not be available.
23:32:52.025 [kafka-producer-network-thread | producer-1] WARN  o.apache.kafka.clients.NetworkClient - [Producer clientId=producer-1] Connection to node 1 (localhost/127.0.0.1:32770) could not be established. Broker may not be available.
23:32:52.281 [kafka-producer-network-thread | producer-2] WARN  o.apache.kafka.clients.NetworkClient - [Producer clientId=producer-2] Connection to node 1 (localhost/127.0.0.1:32773) could not be established. Broker may not be available.
23:32:52.894 [kafka-producer-network-thread | producer-1] WARN  o.apache.kafka.clients.NetworkClient - [Producer clientId=producer-1] Connection to node 1 (localhost/127.0.0.1:32770) could not be established. Broker may not be available.
23:32:53.293 [kafka-producer-network-thread | producer-2] WARN  o.apache.kafka.clients.NetworkClient - [Producer clientId=producer-2] Connection to node 1 (localhost/127.0.0.1:32773) could not be established. Broker may not be available.
23:32:53.814 [kafka-producer-network-thread | producer-1] WARN  o.apache.kafka.clients.NetworkClient - [Producer clientId=producer-1] Connection to node 1 (localhost/127.0.0.1:32770) could not be established. Broker may not be available.
23:32:54.404 [kafka-producer-network-thread | producer-2] WARN  o.apache.kafka.clients.NetworkClient - [Producer clientId=producer-2] Connection to node 1 (localhost/127.0.0.1:32773) could not be established. Broker may not be available.
23:32:54.981 [kafka-producer-network-thread | producer-1] WARN  o.apache.kafka.clients.NetworkClient - [Producer clientId=producer-1] Connection to node 1 (localhost/127.0.0.1:32770) could not be established. Broker may not be available.
23:32:55.471 [kafka-producer-network-thread | producer-2] WARN  o.apache.kafka.clients.NetworkClient - [Producer clientId=producer-2] Connection to node 1 (localhost/127.0.0.1:32773) could not be established. Broker may not be available.
23:32:56.156 [kafka-producer-network-thread | producer-1] WARN  o.apache.kafka.clients.NetworkClient - [Producer clientId=producer-1] Connection to node 1 (localhost/127.0.0.1:32770) could not be established. Broker may not be available.
23:32:56.434 [kafka-producer-network-thread | producer-2] WARN  o.apache.kafka.clients.NetworkClient - [Producer clientId=producer-2] Connection to node 1 (localhost/127.0.0.1:32773) could not be established. Broker may not be available.
23:32:57.065 [kafka-producer-network-thread | producer-1] WARN  o.apache.kafka.clients.NetworkClient - [Producer clientId=producer-1] Connection to node 1 (localhost/127.0.0.1:32770) could not be established. Broker may not be available.
23:32:57.249 [kafka-producer-network-thread | producer-2] WARN  o.apache.kafka.clients.NetworkClient - [Producer clientId=producer-2] Connection to node 1 (localhost/127.0.0.1:32773) could not be established. Broker may not be available.
23:32:58.350 [kafka-producer-network-thread | producer-2] WARN  o.apache.kafka.clients.NetworkClient - [Producer clientId=producer-2] Connection to node 1 (localhost/127.0.0.1:32773) could not be established. Broker may not be available.
23:32:58.343 [kafka-producer-network-thread | producer-1] WARN  o.apache.kafka.clients.NetworkClient - [Producer clientId=producer-1] Connection to node 1 (localhost/127.0.0.1:32770) could not be established. Broker may not be available.
23:32:59.173 [kafka-producer-network-thread | producer-2] WARN  o.apache.kafka.clients.NetworkClient - [Producer clientId=producer-2] Connection to node 1 (localhost/127.0.0.1:32773) could not be established. Broker may not be available.
23:32:59.339 [kafka-producer-network-thread | producer-1] WARN  o.apache.kafka.clients.NetworkClient - [Producer clientId=producer-1] Connection to node 1 (localhost/127.0.0.1:32770) could not be established. Broker may not be available.
23:33:00.166 [kafka-producer-network-thread | producer-2] WARN  o.apache.kafka.clients.NetworkClient - [Producer clientId=producer-2] Connection to node 1 (localhost/127.0.0.1:32773) could not be established. Broker may not be available.
23:33:00.241 [kafka-producer-network-thread | producer-1] WARN  o.apache.kafka.clients.NetworkClient - [Producer clientId=producer-1] Connection to node 1 (localhost/127.0.0.1:32770) could not be established. Broker may not be available.
23:33:00.581 [SpringApplicationShutdownHook] INFO  org.quartz.core.QuartzScheduler - Scheduler quartzScheduler_$_NON_CLUSTERED paused.
23:33:01.324 [kafka-producer-network-thread | producer-2] WARN  o.apache.kafka.clients.NetworkClient - [Producer clientId=producer-2] Connection to node 1 (localhost/127.0.0.1:32773) could not be established. Broker may not be available.
23:33:01.424 [kafka-producer-network-thread | producer-1] WARN  o.apache.kafka.clients.NetworkClient - [Producer clientId=producer-1] Connection to node 1 (localhost/127.0.0.1:32770) could not be established. Broker may not be available.
23:33:02.728 [kafka-producer-network-thread | producer-1] WARN  o.apache.kafka.clients.NetworkClient - [Producer clientId=producer-1] Connection to node 1 (localhost/127.0.0.1:32770) could not be established. Broker may not be available.
23:33:02.729 [kafka-producer-network-thread | producer-2] WARN  o.apache.kafka.clients.NetworkClient - [Producer clientId=producer-2] Connection to node 1 (localhost/127.0.0.1:32773) could not be established. Broker may not be available.
23:33:03.704 [SpringApplicationShutdownHook] INFO  o.s.s.quartz.SchedulerFactoryBean - Shutting down Quartz Scheduler
23:33:03.707 [SpringApplicationShutdownHook] INFO  org.quartz.core.QuartzScheduler - Scheduler quartzScheduler_$_NON_CLUSTERED shutting down.
23:33:03.707 [SpringApplicationShutdownHook] INFO  org.quartz.core.QuartzScheduler - Scheduler quartzScheduler_$_NON_CLUSTERED paused.
23:33:03.715 [SpringApplicationShutdownHook] INFO  org.quartz.core.QuartzScheduler - Scheduler quartzScheduler_$_NON_CLUSTERED shutdown complete.
23:33:03.734 [kafka-producer-network-thread | producer-2] WARN  o.apache.kafka.clients.NetworkClient - [Producer clientId=producer-2] Connection to node 1 (localhost/127.0.0.1:32773) could not be established. Broker may not be available.
23:33:07.514 [kafka-producer-network-thread | producer-2] WARN  o.apache.kafka.clients.NetworkClient - [Producer clientId=producer-2] Connection to node 1 (localhost/127.0.0.1:32773) could not be established. Broker may not be available.
[ERROR] Surefire is going to kill self fork JVM. The exit has elapsed 30 seconds after System.exit(0).
[INFO]
[INFO] Results:
[INFO]
[ERROR] Failures:
[ERROR]   PaymentServiceE2ETest.testPaymentRequestCreationAndApproval:173 Status expected:<200> but was:<400>
[ERROR]   PaymentServiceE2ETest.testPaymentRequestCreationAndRejection:207 Status expected:<200> but was:<400>
[INFO]
[ERROR] Tests run: 4, Failures: 2, Errors: 0, Skipped: 0
[INFO]
[INFO]
[INFO] --- maven-failsafe-plugin:3.1.2:verify (default) @ payment-service ---
[INFO] ------------------------------------------------------------------------
[INFO] BUILD FAILURE
[INFO] ------------------------------------------------------------------------
[INFO] Total time:  02:21 min
[INFO] Finished at: 2025-03-19T23:33:10+02:00
[INFO] ------------------------------------------------------------------------
[ERROR] Failed to execute goal org.apache.maven.plugins:maven-failsafe-plugin:3.1.2:verify (default) on project payment-service: There are test failures.
[ERROR]
